{"logTime": "0323/234740", "correlationVector":"CsbR9W9b1b50KaojYFCI45.2","action":"Commit Response", "result":"SYNCER_OK", "context":Result: SYNCER_OK. cV=CsbR9W9b1b50KaojYFCI45.0;server=GENERAL01000006;cloudType=Consumer;environment=Prod_SouthCentralUS_000i;migrationStage=NotStarted}
{"logTime": "0323/235554", "correlationVector":"95VFlIE00SVAnqvShCyHu9","action":"Commit Request", "result":"", "context":Item count: 1
Contributing types: Sessions}
{"logTime": "0323/235555", "correlationVector":"95VFlIE00SVAnqvShCyHu9.1","action":"SyncServerConnectionManagerRequest", "result":"SYNC_SERVER_OK", "context":{"environment":"Prod_SouthCentralUS_000i", "migrationStage":"NotStarted", "server":"GENERAL0100000X"}}
{"logTime": "0323/235555", "correlationVector":"95VFlIE00SVAnqvShCyHu9.2","action":"Commit Response", "result":"SYNCER_OK", "context":Result: SYNCER_OK. cV=95VFlIE00SVAnqvShCyHu9.0;server=GENERAL0100000X;cloudType=Consumer;environment=Prod_SouthCentralUS_000i;migrationStage=NotStarted}
{"logTime": "0323/235729", "correlationVector":"PLs7EtpWqMBhXxhsWruts6","action":"Commit Request", "result":"", "context":Item count: 1
Contributing types: Sessions}
{"logTime": "0323/235729", "correlationVector":"PLs7EtpWqMBhXxhsWruts6.1","action":"SyncServerConnectionManagerRequest", "result":"SYNC_SERVER_OK", "context":{"environment":"Prod_SouthCentralUS_000i", "migrationStage":"NotStarted", "server":"GENERAL0100001G"}}
{"logTime": "0323/235729", "correlationVector":"PLs7EtpWqMBhXxhsWruts6.2","action":"Commit Response", "result":"SYNCER_OK", "context":Result: SYNCER_OK. cV=PLs7EtpWqMBhXxhsWruts6.0;server=GENERAL0100001G;cloudType=Consumer;environment=Prod_SouthCentralUS_000i;migrationStage=NotStarted}
{"logTime": "0323/235815", "correlationVector":"1mOVNh8q6BbGoo7qx+cgkl","action":"Commit Request", "result":"", "context":Item count: 1
Contributing types: Sessions}
{"logTime": "0323/235816", "correlationVector":"1mOVNh8q6BbGoo7qx+cgkl.1","action":"SyncServerConnectionManagerRequest", "result":"SYNC_SERVER_OK", "context":{"environment":"Prod_SouthCentralUS_000i", "migrationStage":"NotStarted", "server":"GENERAL0100000I"}}
{"logTime": "0323/235816", "correlationVector":"1mOVNh8q6BbGoo7qx+cgkl.2","action":"Commit Response", "result":"SYNCER_OK", "context":Result: SYNCER_OK. cV=1mOVNh8q6BbGoo7qx+cgkl.0;server=GENERAL0100000I;cloudType=Consumer;environment=Prod_SouthCentralUS_000i;migrationStage=NotStarted}
{"logTime": "0323/235848", "correlationVector":"oZHFjfVXj71EvLs1YrlN2p","action":"Commit Request", "result":"", "context":Item count: 1
Contributing types: Sessions}
{"logTime": "0323/235849", "correlationVector":"oZHFjfVXj71EvLs1YrlN2p.1","action":"SyncServerConnectionManagerRequest", "result":"SYNC_SERVER_OK", "context":{"environment":"Prod_SouthCentralUS_000i", "migrationStage":"NotStarted", "server":"GENERAL0100001F"}}
{"logTime": "0323/235849", "correlationVector":"oZHFjfVXj71EvLs1YrlN2p.2","action":"Commit Response", "result":"SYNCER_OK", "context":Result: SYNCER_OK. cV=oZHFjfVXj71EvLs1YrlN2p.0;server=GENERAL0100001F;cloudType=Consumer;environment=Prod_SouthCentralUS_000i;migrationStage=NotStarted}
{"logTime": "0324/000319", "correlationVector":"Ddm3PT/VURRCF/KMD8UJ+r","action":"Commit Request", "result":"", "context":Item count: 1
Contributing types: Sessions}
{"logTime": "0324/000319", "correlationVector":"Ddm3PT/VURRCF/KMD8UJ+r.1","action":"SyncServerConnectionManagerRequest", "result":"SYNC_SERVER_OK", "context":{"environment":"Prod_SouthCentralUS_000i", "migrationStage":"NotStarted", "server":"GENERAL0100001H"}}
{"logTime": "0324/000319", "correlationVector":"Ddm3PT/VURRCF/KMD8UJ+r.2","action":"Commit Response", "result":"SYNCER_OK", "context":Result: SYNCER_OK. cV=Ddm3PT/VURRCF/KMD8UJ+r.0;server=GENERAL0100001H;cloudType=Consumer;environment=Prod_SouthCentralUS_000i;migrationStage=NotStarted}
{"logTime": "0324/074945", "correlationVector":"KlcGmzPsyKbl3/0H5Pni0l.1","action":"SyncServerConnectionManagerRequest", "result":"SYNC_SERVER_OK", "context":{"environment":"Prod_SouthCentralUS_000i", "migrationStage":"NotStarted", "server":"GENERAL01000007"}}
{"logTime": "0324/074945", "correlationVector":"KlcGmzPsyKbl3/0H5Pni0l","action":"Initial GetUpdates", "result":"", "context":Reason: NEW_CLIENT. cV=KlcGmzPsyKbl3/0H5Pni0l}
{"logTime": "0324/074945", "correlationVector":"KlcGmzPsyKbl3/0H5Pni0l.2","action":"GetUpdates Response", "result":"SYNCER_OK", "context":Received 1 update(s). cV=KlcGmzPsyKbl3/0H5Pni0l.0;server=GENERAL01000007;cloudType=Consumer;environment=Prod_SouthCentralUS_000i;migrationStage=NotStarted}
{"logTime": "0324/074945", "correlationVector":"DkZCWGCWFkSKXrtAYZ+Xrp","action":"Initial GetUpdates", "result":"", "context":Reason: NEWLY_SUPPORTED_DATATYPE. cV=DkZCWGCWFkSKXrtAYZ+Xrp}
{"logTime": "0324/074945", "correlationVector":"DkZCWGCWFkSKXrtAYZ+Xrp.1","action":"SyncServerConnectionManagerRequest", "result":"SYNC_SERVER_OK", "context":{"environment":"Prod_SouthCentralUS_000i", "migrationStage":"NotStarted", "server":"GENERAL0100000V"}}
{"logTime": "0324/074945", "correlationVector":"DkZCWGCWFkSKXrtAYZ+Xrp.2","action":"GetUpdates", "result":"DeleteReceived", "context":{"id":"1e1c17a1-f7fe-489e-bfda-cfff65587099", "isDeleted:":"true", "version":"1687400152613"}}
{"logTime": "0324/074945", "correlationVector":"DkZCWGCWFkSKXrtAYZ+Xrp.3","action":"GetUpdates", "result":"DeleteReceived", "context":{"id":"11b93deb-d834-41e3-a012-7399a7581c7d", "isDeleted:":"true", "version":"1691932899874"}}
{"logTime": "0324/074945", "correlationVector":"DkZCWGCWFkSKXrtAYZ+Xrp.4","action":"GetUpdates Response", "result":"SYNCER_OK", "context":Received 120 update(s). cV=DkZCWGCWFkSKXrtAYZ+Xrp.0;server=GENERAL0100000V;cloudType=Consumer;environment=Prod_SouthCentralUS_000i;migrationStage=NotStarted}
{"logTime": "0324/074945", "correlationVector":"EagmkLv0vQj9ean0CCcZ9y","action":"Normal GetUpdate request", "result":"", "context":cV=EagmkLv0vQj9ean0CCcZ9y
Nudged types: Sessions
Refresh requested types: Bookmarks, Preferences, Passwords, Autofill Profiles, Autofill, Typed URLs, Extensions, Sessions, Extension settings, History Delete Directives, Device Info, User Consents, Send Tab To Self, Web Apps, Collection, Edge E Drop, Edge Hub App Usage, Edge Wallet, Encryption Keys}
{"logTime": "0324/074945", "correlationVector":"EagmkLv0vQj9ean0CCcZ9y.1","action":"SyncServerConnectionManagerRequest", "result":"SYNC_SERVER_OK", "context":{"environment":"Prod_SouthCentralUS_000i", "migrationStage":"NotStarted", "server":"GENERAL01000007"}}
{"logTime": "0324/074945", "correlationVector":"EagmkLv0vQj9ean0CCcZ9y.2","action":"GetUpdates Response", "result":"SYNCER_OK", "context":Received 1 update(s). cV=EagmkLv0vQj9ean0CCcZ9y.0;server=GENERAL01000007;cloudType=Consumer;environment=Prod_SouthCentralUS_000i;migrationStage=NotStarted}
{"logTime": "0324/074945", "correlationVector":"QPIZelUnJxwdAkGdz2bh9n","action":"Commit Request", "result":"", "context":Item count: 3
Contributing types: Sessions}
{"logTime": "0324/074945", "correlationVector":"QPIZelUnJxwdAkGdz2bh9n.1","action":"SyncServerConnectionManagerRequest", "result":"SYNC_SERVER_OK", "context":{"environment":"Prod_SouthCentralUS_000i", "migrationStage":"NotStarted", "server":"GENERAL0100000O"}}
{"logTime": "0324/074945", "correlationVector":"QPIZelUnJxwdAkGdz2bh9n.3","action":"Commit.Sessions", "result":"Success", "context":{"id":"6fb18735-5207-46c5-a670-8494cf267df0", "isDeleted":"true", "size":"0", "version":"1711238600214"}}
{"logTime": "0324/074945", "correlationVector":"QPIZelUnJxwdAkGdz2bh9n.2","action":"Commit Response", "result":"SYNCER_OK", "context":Result: SYNCER_OK. cV=QPIZelUnJxwdAkGdz2bh9n.0;server=GENERAL0100000O;cloudType=Consumer;environment=Prod_SouthCentralUS_000i;migrationStage=NotStarted}
{"logTime": "0324/074945", "correlationVector":"QvYkfWW2aXjjr1xji6eFOv","action":"Poll GetUpdate request", "result":"", "context":cV=QvYkfWW2aXjjr1xji6eFOv}
{"logTime": "0324/074945", "correlationVector":"QvYkfWW2aXjjr1xji6eFOv.1","action":"SyncServerConnectionManagerRequest", "result":"SYNC_SERVER_OK", "context":{"environment":"Prod_SouthCentralUS_000i", "migrationStage":"NotStarted", "server":"GENERAL0100000W"}}
{"logTime": "0324/074945", "correlationVector":"QvYkfWW2aXjjr1xji6eFOv.2","action":"GetUpdates", "result":"DeleteReceived", "context":{"id":"6fb18735-5207-46c5-a670-8494cf267df0", "isDeleted:":"true", "version":"1711266526655"}}
{"logTime": "0324/074945", "correlationVector":"QvYkfWW2aXjjr1xji6eFOv.3","action":"GetUpdates Response", "result":"SYNCER_OK", "context":Received 3 update(s). cV=QvYkfWW2aXjjr1xji6eFOv.0;server=GENERAL0100000W;cloudType=Consumer;environment=Prod_SouthCentralUS_000i;migrationStage=NotStarted}
{"logTime": "0324/074945", "correlationVector":"sPo9HsopxDUKOigNeWyUYu","action":"SyncServerConnectionManagerRequest", "result":"SYNC_SERVER_OK", "context":{"environment":"", "migrationStage":"", "server":""}}
{"logTime": "0324/074945", "correlationVector":"5pHbt7xjPZru2z/5Vwdf3B","action":"Normal GetUpdate request", "result":"", "context":cV=5pHbt7xjPZru2z/5Vwdf3B
Nudged types: Sessions}
{"logTime": "0324/074945", "correlationVector":"5pHbt7xjPZru2z/5Vwdf3B.1","action":"SyncServerConnectionManagerRequest", "result":"SYNC_SERVER_OK", "context":{"environment":"Prod_SouthCentralUS_000i", "migrationStage":"NotStarted", "server":"GENERAL01000017"}}
{"logTime": "0324/074945", "correlationVector":"5pHbt7xjPZru2z/5Vwdf3B.2","action":"GetUpdates Response", "result":"SYNCER_OK", "context":Received 0 update(s). cV=5pHbt7xjPZru2z/5Vwdf3B.0;server=GENERAL01000017;cloudType=Consumer;environment=Prod_SouthCentralUS_000i;migrationStage=NotStarted}
{"logTime": "0324/074945", "correlationVector":"yq2je7rL4MwAnvPpfMORbk","action":"Commit Request", "result":"", "context":Item count: 1
Contributing types: Sessions}
{"logTime": "0324/074945", "correlationVector":"yq2je7rL4MwAnvPpfMORbk.1","action":"SyncServerConnectionManagerRequest", "result":"SYNC_SERVER_OK", "context":{"environment":"Prod_SouthCentralUS_000i", "migrationStage":"NotStarted", "server":"GENERAL01000011"}}
{"logTime": "0324/074945", "correlationVector":"yq2je7rL4MwAnvPpfMORbk.2","action":"Commit Response", "result":"SYNCER_OK", "context":Result: SYNCER_OK. cV=yq2je7rL4MwAnvPpfMORbk.0;server=GENERAL01000011;cloudType=Consumer;environment=Prod_SouthCentralUS_000i;migrationStage=NotStarted}
{"logTime": "0324/074945", "correlationVector":"u93xQEbm/ctBOj4ulgKaGS","action":"Normal GetUpdate request", "result":"", "context":cV=u93xQEbm/ctBOj4ulgKaGS
Nudged types: Sessions
Refresh requested types: Bookmarks, Preferences, Passwords, Autofill Profiles, Autofill, Typed URLs, Extensions, Sessions, Extension settings, History Delete Directives, Device Info, User Consents, Send Tab To Self, Web Apps, Collection, Edge E Drop, Edge Hub App Usage, Edge Wallet, Encryption Keys}
{"logTime": "0324/074945", "correlationVector":"u93xQEbm/ctBOj4ulgKaGS.1","action":"SyncServerConnectionManagerRequest", "result":"SYNC_SERVER_OK", "context":{"environment":"Prod_SouthCentralUS_000i", "migrationStage":"NotStarted", "server":"GENERAL0100000J"}}
{"logTime": "0324/074945", "correlationVector":"u93xQEbm/ctBOj4ulgKaGS.2","action":"GetUpdates Response", "result":"SYNCER_OK", "context":Received 1 update(s). cV=u93xQEbm/ctBOj4ulgKaGS.0;server=GENERAL0100000J;cloudType=Consumer;environment=Prod_SouthCentralUS_000i;migrationStage=NotStarted}
{"logTime": "0324/074947", "correlationVector":"aKQv4gJO1+HBninvvGefDv","action":"Commit Request", "result":"", "context":Item count: 1
Contributing types: Preferences}
{"logTime": "0324/074947", "correlationVector":"aKQv4gJO1+HBninvvGefDv.1","action":"SyncServerConnectionManagerRequest", "result":"SYNC_SERVER_OK", "context":{"environment":"Prod_SouthCentralUS_000i", "migrationStage":"NotStarted", "server":"GENERAL0100000W"}}
{"logTime": "0324/074947", "correlationVector":"aKQv4gJO1+HBninvvGefDv.2","action":"Commit Response", "result":"SYNCER_OK", "context":Result: SYNCER_OK. cV=aKQv4gJO1+HBninvvGefDv.0;server=GENERAL0100000W;cloudType=Consumer;environment=Prod_SouthCentralUS_000i;migrationStage=NotStarted}
{"logTime": "0324/075345", "correlationVector":"s/q69+Vu3oX+hlOG/Qq44y","action":"Normal GetUpdate request", "result":"", "context":cV=s/q69+Vu3oX+hlOG/Qq44y
Refresh requested types: Bookmarks, Preferences, Passwords, Autofill Profiles, Autofill, Typed URLs, Extensions, Sessions, Extension settings, History Delete Directives, Device Info, User Consents, Send Tab To Self, Web Apps, Collection, Edge E Drop, Edge Hub App Usage, Edge Wallet, Encryption Keys}
{"logTime": "0324/075346", "correlationVector":"s/q69+Vu3oX+hlOG/Qq44y.1","action":"SyncServerConnectionManagerRequest", "result":"SYNC_SERVER_OK", "context":{"environment":"Prod_SouthCentralUS_000i", "migrationStage":"NotStarted", "server":"general0100000L"}}
{"logTime": "0324/075346", "correlationVector":"s/q69+Vu3oX+hlOG/Qq44y.2","action":"GetUpdates Response", "result":"SYNCER_OK", "context":Received 1 update(s). cV=s/q69+Vu3oX+hlOG/Qq44y.0;server=general0100000L;cloudType=Consumer;environment=Prod_SouthCentralUS_000i;migrationStage=NotStarted}
{"logTime": "0324/075918", "correlationVector":"HeuW4FPri997sCNiDCZQmW","action":"Commit Request", "result":"", "context":Item count: 1
Contributing types: Device Info}
{"logTime": "0324/075919", "correlationVector":"HeuW4FPri997sCNiDCZQmW.1","action":"SyncServerConnectionManagerRequest", "result":"SYNC_SERVER_OK", "context":{"environment":"Prod_SouthCentralUS_000i", "migrationStage":"NotStarted", "server":"GENERAL0100001G"}}
{"logTime": "0324/075919", "correlationVector":"HeuW4FPri997sCNiDCZQmW.2","action":"Commit Response", "result":"SYNCER_OK", "context":Result: SYNCER_OK. cV=HeuW4FPri997sCNiDCZQmW.0;server=GENERAL0100001G;cloudType=Consumer;environment=Prod_SouthCentralUS_000i;migrationStage=NotStarted}
{"logTime": "0324/080346", "correlationVector":"9W+OfwYEM/fE2mp1veTZIz","action":"Commit Request", "result":"", "context":Item count: 1
Contributing types: Preferences}
{"logTime": "0324/080347", "correlationVector":"9W+OfwYEM/fE2mp1veTZIz.1","action":"SyncServerConnectionManagerRequest", "result":"SYNC_SERVER_OK", "context":{"environment":"Prod_SouthCentralUS_000i", "migrationStage":"NotStarted", "server":"GENERAL0100001F"}}
{"logTime": "0324/080347", "correlationVector":"9W+OfwYEM/fE2mp1veTZIz.2","action":"Commit Response", "result":"SYNCER_OK", "context":Result: SYNCER_OK. cV=9W+OfwYEM/fE2mp1veTZIz.0;server=GENERAL0100001F;cloudType=Consumer;environment=Prod_SouthCentralUS_000i;migrationStage=NotStarted}
{"logTime": "0324/081415", "correlationVector":"1lMvx3I5yiKYLpC8ZQqQqu","action":"Commit Request", "result":"", "context":Item count: 1
Contributing types: Sessions}
{"logTime": "0324/081415", "correlationVector":"1lMvx3I5yiKYLpC8ZQqQqu.1","action":"SyncServerConnectionManagerRequest", "result":"SYNC_SERVER_OK", "context":{"environment":"Prod_SouthCentralUS_000i", "migrationStage":"NotStarted", "server":"GENERAL0100000G"}}
{"logTime": "0324/081415", "correlationVector":"1lMvx3I5yiKYLpC8ZQqQqu.2","action":"Commit Response", "result":"SYNCER_OK", "context":Result: SYNCER_OK. cV=1lMvx3I5yiKYLpC8ZQqQqu.0;server=GENERAL0100000G;cloudType=Consumer;environment=Prod_SouthCentralUS_000i;migrationStage=NotStarted}
{"logTime": "0324/082731", "correlationVector":"gWCwm00q6y0BwbvqG9k0D/.1","action":"SyncServerConnectionManagerRequest", "result":"SYNC_SERVER_OK", "context":{"environment":"Prod_SouthCentralUS_000i", "migrationStage":"NotStarted", "server":"GENERAL0100000Y"}}
{"logTime": "0324/082731", "correlationVector":"gWCwm00q6y0BwbvqG9k0D/","action":"Initial GetUpdates", "result":"", "context":Reason: NEW_CLIENT. cV=gWCwm00q6y0BwbvqG9k0D/}
{"logTime": "0324/082731", "correlationVector":"gWCwm00q6y0BwbvqG9k0D/.2","action":"GetUpdates Response", "result":"SYNCER_OK", "context":Received 1 update(s). cV=gWCwm00q6y0BwbvqG9k0D/.0;server=GENERAL0100000Y;cloudType=Consumer;environment=Prod_SouthCentralUS_000i;migrationStage=NotStarted}
{"logTime": "0324/082731", "correlationVector":"+bEj0O1km+8VdQnY+HeAn4","action":"Initial GetUpdates", "result":"", "context":Reason: NEWLY_SUPPORTED_DATATYPE. cV=+bEj0O1km+8VdQnY+HeAn4}
{"logTime": "0324/082731", "correlationVector":"+bEj0O1km+8VdQnY+HeAn4.1","action":"SyncServerConnectionManagerRequest", "result":"SYNC_SERVER_OK", "context":{"environment":"Prod_SouthCentralUS_000i", "migrationStage":"NotStarted", "server":"GENERAL0100001I"}}
{"logTime": "0324/082731", "correlationVector":"+bEj0O1km+8VdQnY+HeAn4.2","action":"GetUpdates", "result":"DeleteReceived", "context":{"id":"1e1c17a1-f7fe-489e-bfda-cfff65587099", "isDeleted:":"true", "version":"1687400152613"}}
{"logTime": "0324/082731", "correlationVector":"+bEj0O1km+8VdQnY+HeAn4.3","action":"GetUpdates", "result":"DeleteReceived", "context":{"id":"11b93deb-d834-41e3-a012-7399a7581c7d", "isDeleted:":"true", "version":"1691932899874"}}
{"logTime": "0324/082731", "correlationVector":"+bEj0O1km+8VdQnY+HeAn4.4","action":"GetUpdates Response", "result":"SYNCER_OK", "context":Received 120 update(s). cV=+bEj0O1km+8VdQnY+HeAn4.0;server=GENERAL0100001I;cloudType=Consumer;environment=Prod_SouthCentralUS_000i;migrationStage=NotStarted}
{"logTime": "0324/082731", "correlationVector":"iiysw30wQvT0AGB8c+sIUx","action":"Normal GetUpdate request", "result":"", "context":cV=iiysw30wQvT0AGB8c+sIUx
Nudged types: Sessions
Refresh requested types: Bookmarks, Preferences, Passwords, Autofill Profiles, Autofill, Typed URLs, Extensions, Sessions, Extension settings, History Delete Directives, Device Info, User Consents, Send Tab To Self, Web Apps, Collection, Edge E Drop, Edge Hub App Usage, Edge Wallet, Encryption Keys}
{"logTime": "0324/082731", "correlationVector":"iiysw30wQvT0AGB8c+sIUx.1","action":"SyncServerConnectionManagerRequest", "result":"SYNC_SERVER_OK", "context":{"environment":"Prod_SouthCentralUS_000i", "migrationStage":"NotStarted", "server":"GENERAL0100000H"}}
{"logTime": "0324/082731", "correlationVector":"iiysw30wQvT0AGB8c+sIUx.2","action":"GetUpdates Response", "result":"SYNCER_OK", "context":Received 3 update(s). cV=iiysw30wQvT0AGB8c+sIUx.0;server=GENERAL0100000H;cloudType=Consumer;environment=Prod_SouthCentralUS_000i;migrationStage=NotStarted}
{"logTime": "0324/082731", "correlationVector":"a2u7NNN2aMEp8W6y+oUoUC","action":"Commit Request", "result":"", "context":Item count: 3
Contributing types: Sessions}
{"logTime": "0324/082731", "correlationVector":"a2u7NNN2aMEp8W6y+oUoUC.1","action":"SyncServerConnectionManagerRequest", "result":"SYNC_SERVER_OK", "context":{"environment":"Prod_SouthCentralUS_000i", "migrationStage":"NotStarted", "server":"GENERAL0100001D"}}
{"logTime": "0324/082731", "correlationVector":"a2u7NNN2aMEp8W6y+oUoUC.3","action":"Commit.Sessions", "result":"Success", "context":{"id":"048b6682-8b74-4198-b4d4-228dd435f00c", "isDeleted":"true", "size":"0", "version":"1711268055734"}}
{"logTime": "0324/082731", "correlationVector":"a2u7NNN2aMEp8W6y+oUoUC.2","action":"Commit Response", "result":"SYNCER_OK", "context":Result: SYNCER_OK. cV=a2u7NNN2aMEp8W6y+oUoUC.0;server=GENERAL0100001D;cloudType=Consumer;environment=Prod_SouthCentralUS_000i;migrationStage=NotStarted}
{"logTime": "0324/082731", "correlationVector":"49zrIaZiodoHonxMiPfhsH","action":"SyncServerConnectionManagerRequest", "result":"SYNC_SERVER_OK", "context":{"environment":"", "migrationStage":"", "server":""}}
{"logTime": "0324/082731", "correlationVector":"SOJaZirfbAiNckax8BUb3n","action":"Normal GetUpdate request", "result":"", "context":cV=SOJaZirfbAiNckax8BUb3n
Nudged types: Sessions}
{"logTime": "0324/082731", "correlationVector":"SOJaZirfbAiNckax8BUb3n.1","action":"SyncServerConnectionManagerRequest", "result":"SYNC_SERVER_OK", "context":{"environment":"Prod_SouthCentralUS_000i", "migrationStage":"NotStarted", "server":"GENERAL0100001I"}}
{"logTime": "0324/082731", "correlationVector":"SOJaZirfbAiNckax8BUb3n.2","action":"GetUpdates", "result":"DeleteReceived", "context":{"id":"048b6682-8b74-4198-b4d4-228dd435f00c", "isDeleted:":"true", "version":"1711268793401"}}
{"logTime": "0324/082731", "correlationVector":"SOJaZirfbAiNckax8BUb3n.3","action":"GetUpdates Response", "result":"SYNCER_OK", "context":Received 3 update(s). cV=SOJaZirfbAiNckax8BUb3n.0;server=GENERAL0100001I;cloudType=Consumer;environment=Prod_SouthCentralUS_000i;migrationStage=NotStarted}
{"logTime": "0324/082731", "correlationVector":"VUe+okuafG6yvim3uDGHBB","action":"Commit Request", "result":"", "context":Item count: 1
Contributing types: Sessions}
{"logTime": "0324/082731", "correlationVector":"VUe+okuafG6yvim3uDGHBB.1","action":"SyncServerConnectionManagerRequest", "result":"SYNC_SERVER_OK", "context":{"environment":"Prod_SouthCentralUS_000i", "migrationStage":"NotStarted", "server":"GENERAL0100000X"}}
{"logTime": "0324/082731", "correlationVector":"VUe+okuafG6yvim3uDGHBB.2","action":"Commit Response", "result":"SYNCER_OK", "context":Result: SYNCER_OK. cV=VUe+okuafG6yvim3uDGHBB.0;server=GENERAL0100000X;cloudType=Consumer;environment=Prod_SouthCentralUS_000i;migrationStage=NotStarted}
{"logTime": "0324/082731", "correlationVector":"pttxE1SerdjbR0kz6ktaST","action":"Normal GetUpdate request", "result":"", "context":cV=pttxE1SerdjbR0kz6ktaST
Nudged types: Sessions
Refresh requested types: Bookmarks, Preferences, Passwords, Autofill Profiles, Autofill, Typed URLs, Extensions, Sessions, Extension settings, History Delete Directives, Device Info, User Consents, Send Tab To Self, Web Apps, Collection, Edge E Drop, Edge Hub App Usage, Edge Wallet, Encryption Keys}
{"logTime": "0324/082731", "correlationVector":"pttxE1SerdjbR0kz6ktaST.1","action":"SyncServerConnectionManagerRequest", "result":"SYNC_SERVER_OK", "context":{"environment":"Prod_SouthCentralUS_000i", "migrationStage":"NotStarted", "server":"GENERAL0100000G"}}
{"logTime": "0324/082731", "correlationVector":"pttxE1SerdjbR0kz6ktaST.2","action":"GetUpdates Response", "result":"SYNCER_OK", "context":Received 1 update(s). cV=pttxE1SerdjbR0kz6ktaST.0;server=GENERAL0100000G;cloudType=Consumer;environment=Prod_SouthCentralUS_000i;migrationStage=NotStarted}
{"logTime": "0324/082734", "correlationVector":"+M3inAiqMLzvtoMTPxBoG7","action":"Commit Request", "result":"", "context":Item count: 2
Contributing types: Preferences, Sessions}
{"logTime": "0324/082734", "correlationVector":"+M3inAiqMLzvtoMTPxBoG7.1","action":"SyncServerConnectionManagerRequest", "result":"SYNC_SERVER_OK", "context":{"environment":"Prod_SouthCentralUS_000i", "migrationStage":"NotStarted", "server":"GENERAL0100000D"}}
{"logTime": "0324/082734", "correlationVector":"+M3inAiqMLzvtoMTPxBoG7.2","action":"Commit Response", "result":"SYNCER_OK", "context":Result: SYNCER_OK. cV=+M3inAiqMLzvtoMTPxBoG7.0;server=GENERAL0100000D;cloudType=Consumer;environment=Prod_SouthCentralUS_000i;migrationStage=NotStarted}
{"logTime": "0324/082913", "correlationVector":"3/dtVOY4+b8+TpgVvu0g3q","action":"Commit Request", "result":"", "context":Item count: 1
Contributing types: Sessions}
{"logTime": "0324/082913", "correlationVector":"3/dtVOY4+b8+TpgVvu0g3q.1","action":"SyncServerConnectionManagerRequest", "result":"SYNC_SERVER_OK", "context":{"environment":"Prod_SouthCentralUS_000i", "migrationStage":"NotStarted", "server":"GENERAL0100000W"}}
{"logTime": "0324/082913", "correlationVector":"3/dtVOY4+b8+TpgVvu0g3q.2","action":"Commit Response", "result":"SYNCER_OK", "context":Result: SYNCER_OK. cV=3/dtVOY4+b8+TpgVvu0g3q.0;server=GENERAL0100000W;cloudType=Consumer;environment=Prod_SouthCentralUS_000i;migrationStage=NotStarted}
{"logTime": "0324/082950", "correlationVector":"gE0M0Y+6rQpSft1ZHCrlsc","action":"Commit Request", "result":"", "context":Item count: 1
Contributing types: Sessions}
{"logTime": "0324/082950", "correlationVector":"gE0M0Y+6rQpSft1ZHCrlsc.1","action":"SyncServerConnectionManagerRequest", "result":"SYNC_SERVER_OK", "context":{"environment":"Prod_SouthCentralUS_000i", "migrationStage":"NotStarted", "server":"GENERAL0100000A"}}
{"logTime": "0324/082950", "correlationVector":"gE0M0Y+6rQpSft1ZHCrlsc.2","action":"Commit Response", "result":"SYNCER_OK", "context":Result: SYNCER_OK. cV=gE0M0Y+6rQpSft1ZHCrlsc.0;server=GENERAL0100000A;cloudType=Consumer;environment=Prod_SouthCentralUS_000i;migrationStage=NotStarted}
{"logTime": "0324/083132", "correlationVector":"7EnhehPGQBXaqS6F/hq6Ot","action":"Normal GetUpdate request", "result":"", "context":cV=7EnhehPGQBXaqS6F/hq6Ot
Refresh requested types: Bookmarks, Preferences, Passwords, Autofill Profiles, Autofill, Typed URLs, Extensions, Sessions, Extension settings, History Delete Directives, Device Info, User Consents, Send Tab To Self, Web Apps, Collection, Edge E Drop, Edge Hub App Usage, Edge Wallet, Encryption Keys}
{"logTime": "0324/083132", "correlationVector":"7EnhehPGQBXaqS6F/hq6Ot.1","action":"SyncServerConnectionManagerRequest", "result":"SYNC_SERVER_OK", "context":{"environment":"Prod_SouthCentralUS_000i", "migrationStage":"NotStarted", "server":"GENERAL01000019"}}
{"logTime": "0324/083132", "correlationVector":"7EnhehPGQBXaqS6F/hq6Ot.2","action":"GetUpdates Response", "result":"SYNCER_OK", "context":Received 2 update(s). cV=7EnhehPGQBXaqS6F/hq6Ot.0;server=GENERAL01000019;cloudType=Consumer;environment=Prod_SouthCentralUS_000i;migrationStage=NotStarted}
{"logTime": "0324/154847", "correlationVector":"hMKXNgHQzcgarPzaoZRDoz","action":"Poll GetUpdate request", "result":"", "context":cV=hMKXNgHQzcgarPzaoZRDoz}
{"logTime": "0324/154847", "correlationVector":"hMKXNgHQzcgarPzaoZRDoz.1","action":"SyncServerConnectionManagerRequest", "result":"SYNC_AUTH_ERROR", "context":{"environment":"Prod_SouthCentralUS_000i", "migrationStage":"NotStarted", "server":"GENERAL0100000F"}}
{"logTime": "0324/154847", "correlationVector":"hMKXNgHQzcgarPzaoZRDoz.2","action":"GetUpdates Response", "result":"SYNC_AUTH_ERROR (HTTP 401)", "context":Received error: SYNC_AUTH_ERROR (HTTP 401). cV=hMKXNgHQzcgarPzaoZRDoz.0;server=GENERAL0100000F;cloudType=Undetermined;environment=Prod_SouthCentralUS_000i;migrationStage=NotStarted}
{"logTime": "0324/154848", "correlationVector":"/pGTKFP6tHHI9KId8oi5Bl","action":"Poll GetUpdate request", "result":"", "context":cV=/pGTKFP6tHHI9KId8oi5Bl}
{"logTime": "0324/154848", "correlationVector":"/pGTKFP6tHHI9KId8oi5Bl.1","action":"SyncServerConnectionManagerRequest", "result":"SYNC_SERVER_OK", "context":{"environment":"Prod_SouthCentralUS_000i", "migrationStage":"NotStarted", "server":"GENERAL0100000Z"}}
{"logTime": "0324/154848", "correlationVector":"/pGTKFP6tHHI9KId8oi5Bl.2","action":"GetUpdates Response", "result":"SYNCER_OK", "context":Received 0 update(s). cV=/pGTKFP6tHHI9KId8oi5Bl.0;server=GENERAL0100000Z;cloudType=Consumer;environment=Prod_SouthCentralUS_000i;migrationStage=NotStarted}
{"logTime": "0324/210750", "correlationVector":"r0TET4RHFDA2ZVCCFutZ1v","action":"Commit Request", "result":"", "context":Item count: 1
Contributing types: Sessions}
{"logTime": "0324/210750", "correlationVector":"r0TET4RHFDA2ZVCCFutZ1v.1","action":"SyncServerConnectionManagerRequest", "result":"SYNC_SERVER_OK", "context":{"environment":"Prod_SouthCentralUS_000i", "migrationStage":"NotStarted", "server":"GENERAL01000011"}}
{"logTime": "0324/210750", "correlationVector":"r0TET4RHFDA2ZVCCFutZ1v.2","action":"Commit Response", "result":"SYNCER_OK", "context":Result: SYNCER_OK. cV=r0TET4RHFDA2ZVCCFutZ1v.0;server=GENERAL01000011;cloudType=Consumer;environment=Prod_SouthCentralUS_000i;migrationStage=NotStarted}
{"logTime": "0324/211129", "correlationVector":"hQ3Ay9GGftCtgHCcCgypBz","action":"Commit Request", "result":"", "context":Item count: 1
Contributing types: Sessions}
{"logTime": "0324/211130", "correlationVector":"hQ3Ay9GGftCtgHCcCgypBz.1","action":"SyncServerConnectionManagerRequest", "result":"SYNC_SERVER_OK", "context":{"environment":"Prod_SouthCentralUS_000i", "migrationStage":"NotStarted", "server":"GENERAL01000006"}}
{"logTime": "0324/211130", "correlationVector":"hQ3Ay9GGftCtgHCcCgypBz.2","action":"Commit Response", "result":"SYNCER_OK", "context":Result: SYNCER_OK. cV=hQ3Ay9GGftCtgHCcCgypBz.0;server=GENERAL01000006;cloudType=Consumer;environment=Prod_SouthCentralUS_000i;migrationStage=NotStarted}
{"logTime": "0324/221324", "correlationVector":"aCG6fcik2QEWtuXfpmabmt.1","action":"SyncServerConnectionManagerRequest", "result":"SYNC_SERVER_OK", "context":{"environment":"Prod_SouthCentralUS_000i", "migrationStage":"NotStarted", "server":"GENERAL0100000I"}}
{"logTime": "0324/221324", "correlationVector":"aCG6fcik2QEWtuXfpmabmt","action":"Initial GetUpdates", "result":"", "context":Reason: NEW_CLIENT. cV=aCG6fcik2QEWtuXfpmabmt}
{"logTime": "0324/221324", "correlationVector":"aCG6fcik2QEWtuXfpmabmt.2","action":"GetUpdates Response", "result":"SYNCER_OK", "context":Received 1 update(s). cV=aCG6fcik2QEWtuXfpmabmt.0;server=GENERAL0100000I;cloudType=Consumer;environment=Prod_SouthCentralUS_000i;migrationStage=NotStarted}
{"logTime": "0324/221324", "correlationVector":"9oDKL7YxnBL2Ha5Sauyb+3","action":"Initial GetUpdates", "result":"", "context":Reason: NEWLY_SUPPORTED_DATATYPE. cV=9oDKL7YxnBL2Ha5Sauyb+3}
{"logTime": "0324/221324", "correlationVector":"9oDKL7YxnBL2Ha5Sauyb+3.1","action":"SyncServerConnectionManagerRequest", "result":"SYNC_SERVER_OK", "context":{"environment":"Prod_SouthCentralUS_000i", "migrationStage":"NotStarted", "server":"GENERAL01000005"}}
{"logTime": "0324/221324", "correlationVector":"9oDKL7YxnBL2Ha5Sauyb+3.2","action":"GetUpdates", "result":"DeleteReceived", "context":{"id":"1e1c17a1-f7fe-489e-bfda-cfff65587099", "isDeleted:":"true", "version":"1687400152613"}}
{"logTime": "0324/221324", "correlationVector":"9oDKL7YxnBL2Ha5Sauyb+3.3","action":"GetUpdates", "result":"DeleteReceived", "context":{"id":"11b93deb-d834-41e3-a012-7399a7581c7d", "isDeleted:":"true", "version":"1691932899874"}}
{"logTime": "0324/221324", "correlationVector":"9oDKL7YxnBL2Ha5Sauyb+3.4","action":"GetUpdates Response", "result":"SYNCER_OK", "context":Received 120 update(s). cV=9oDKL7YxnBL2Ha5Sauyb+3.0;server=GENERAL01000005;cloudType=Consumer;environment=Prod_SouthCentralUS_000i;migrationStage=NotStarted}
{"logTime": "0324/221324", "correlationVector":"4m+cammaz+VyDEI0TAXcCX","action":"Normal GetUpdate request", "result":"", "context":cV=4m+cammaz+VyDEI0TAXcCX
Nudged types: Sessions
Refresh requested types: Bookmarks, Preferences, Passwords, Autofill Profiles, Autofill, Typed URLs, Extensions, Sessions, Extension settings, History Delete Directives, Device Info, User Consents, Send Tab To Self, Web Apps, Collection, Edge E Drop, Edge Hub App Usage, Edge Wallet, Encryption Keys}
{"logTime": "0324/221324", "correlationVector":"4m+cammaz+VyDEI0TAXcCX.1","action":"SyncServerConnectionManagerRequest", "result":"SYNC_SERVER_OK", "context":{"environment":"Prod_SouthCentralUS_000i", "migrationStage":"NotStarted", "server":"GENERAL0100000A"}}
{"logTime": "0324/221324", "correlationVector":"4m+cammaz+VyDEI0TAXcCX.2","action":"GetUpdates", "result":"DeleteReceived", "context":{"id":"143fcf04-5cad-44d9-aaa8-375f347909e9", "isDeleted:":"true", "version":"1711314812537"}}
{"logTime": "0324/221324", "correlationVector":"4m+cammaz+VyDEI0TAXcCX.3","action":"GetUpdates Response", "result":"SYNCER_OK", "context":Received 4 update(s). cV=4m+cammaz+VyDEI0TAXcCX.0;server=GENERAL0100000A;cloudType=Consumer;environment=Prod_SouthCentralUS_000i;migrationStage=NotStarted}
{"logTime": "0324/221342", "correlationVector":"wPyHmVIh9ESFDggHA4blSk","action":"SyncServerConnectionManagerRequest", "result":"SYNC_SERVER_OK", "context":{"environment":"", "migrationStage":"", "server":""}}
{"logTime": "0324/221342", "correlationVector":"VQkat+Vp9EM+3yJBxSZFLB","action":"Normal GetUpdate request", "result":"", "context":cV=VQkat+Vp9EM+3yJBxSZFLB
Nudged types: Preferences, Sessions}
{"logTime": "0324/221342", "correlationVector":"VQkat+Vp9EM+3yJBxSZFLB.1","action":"SyncServerConnectionManagerRequest", "result":"SYNC_SERVER_OK", "context":{"environment":"Prod_SouthCentralUS_000i", "migrationStage":"NotStarted", "server":"GENERAL01000012"}}
{"logTime": "0324/221342", "correlationVector":"VQkat+Vp9EM+3yJBxSZFLB.2","action":"GetUpdates Response", "result":"SYNCER_OK", "context":Received 0 update(s). cV=VQkat+Vp9EM+3yJBxSZFLB.0;server=GENERAL01000012;cloudType=Consumer;environment=Prod_SouthCentralUS_000i;migrationStage=NotStarted}
{"logTime": "0324/221342", "correlationVector":"swdPy+h8sPfZYodK0ubdOo","action":"Commit Request", "result":"", "context":Item count: 3
Contributing types: Preferences, Sessions}
{"logTime": "0324/221342", "correlationVector":"swdPy+h8sPfZYodK0ubdOo.1","action":"SyncServerConnectionManagerRequest", "result":"SYNC_SERVER_OK", "context":{"environment":"Prod_SouthCentralUS_000i", "migrationStage":"NotStarted", "server":"GENERAL0100000H"}}
{"logTime": "0324/221342", "correlationVector":"swdPy+h8sPfZYodK0ubdOo.2","action":"Commit Response", "result":"SYNCER_OK", "context":Result: SYNCER_OK. cV=swdPy+h8sPfZYodK0ubdOo.0;server=GENERAL0100000H;cloudType=Consumer;environment=Prod_SouthCentralUS_000i;migrationStage=NotStarted}
{"logTime": "0324/221342", "correlationVector":"yzKKVbdByDZ5ijvUsc5VAV","action":"Normal GetUpdate request", "result":"", "context":cV=yzKKVbdByDZ5ijvUsc5VAV
Nudged types: Preferences, Sessions
Refresh requested types: Bookmarks, Preferences, Passwords, Autofill Profiles, Autofill, Typed URLs, Extensions, Sessions, Extension settings, History Delete Directives, Device Info, User Consents, Send Tab To Self, Web Apps, Collection, Edge E Drop, Edge Hub App Usage, Edge Wallet, Encryption Keys}
{"logTime": "0324/221342", "correlationVector":"yzKKVbdByDZ5ijvUsc5VAV.1","action":"SyncServerConnectionManagerRequest", "result":"SYNC_SERVER_OK", "context":{"environment":"Prod_SouthCentralUS_000i", "migrationStage":"NotStarted", "server":"GENERAL01000012"}}
{"logTime": "0324/221343", "correlationVector":"yzKKVbdByDZ5ijvUsc5VAV.2","action":"GetUpdates Response", "result":"SYNCER_OK", "context":Received 3 update(s). cV=yzKKVbdByDZ5ijvUsc5VAV.0;server=GENERAL01000012;cloudType=Consumer;environment=Prod_SouthCentralUS_000i;migrationStage=NotStarted}
{"logTime": "0324/221549", "correlationVector":"wAl8UX673SKusgPK7+8hAs","action":"Commit Request", "result":"", "context":Item count: 1
Contributing types: Sessions}
{"logTime": "0324/221549", "correlationVector":"wAl8UX673SKusgPK7+8hAs.1","action":"SyncServerConnectionManagerRequest", "result":"SYNC_SERVER_OK", "context":{"environment":"Prod_SouthCentralUS_000i", "migrationStage":"NotStarted", "server":"GENERAL01000012"}}
{"logTime": "0324/221549", "correlationVector":"wAl8UX673SKusgPK7+8hAs.2","action":"Commit Response", "result":"SYNCER_OK", "context":Result: SYNCER_OK. cV=wAl8UX673SKusgPK7+8hAs.0;server=GENERAL01000012;cloudType=Consumer;environment=Prod_SouthCentralUS_000i;migrationStage=NotStarted}
{"logTime": "0324/221811", "correlationVector":"IDC/vlpHKvknzUS6Tiou5+","action":"Normal GetUpdate request", "result":"", "context":cV=IDC/vlpHKvknzUS6Tiou5+
Refresh requested types: Bookmarks, Preferences, Passwords, Autofill Profiles, Autofill, Typed URLs, Extensions, Sessions, Extension settings, History Delete Directives, Device Info, User Consents, Send Tab To Self, Web Apps, Collection, Edge E Drop, Edge Hub App Usage, Edge Wallet, Encryption Keys}
{"logTime": "0324/221811", "correlationVector":"IDC/vlpHKvknzUS6Tiou5+.1","action":"SyncServerConnectionManagerRequest", "result":"SYNC_SERVER_OK", "context":{"environment":"Prod_SouthCentralUS_000i", "migrationStage":"NotStarted", "server":"GENERAL0100000I"}}
{"logTime": "0324/221811", "correlationVector":"IDC/vlpHKvknzUS6Tiou5+.2","action":"GetUpdates Response", "result":"SYNCER_OK", "context":Received 1 update(s). cV=IDC/vlpHKvknzUS6Tiou5+.0;server=GENERAL0100000I;cloudType=Consumer;environment=Prod_SouthCentralUS_000i;migrationStage=NotStarted}
{"logTime": "0324/222139", "correlationVector":"/zH6EauG/r6LNBjM791IvL","action":"Commit Request", "result":"", "context":Item count: 1
Contributing types: Sessions}
{"logTime": "0324/222139", "correlationVector":"/zH6EauG/r6LNBjM791IvL.1","action":"SyncServerConnectionManagerRequest", "result":"SYNC_SERVER_OK", "context":{"environment":"Prod_SouthCentralUS_000i", "migrationStage":"NotStarted", "server":"GENERAL0100000X"}}
{"logTime": "0324/222139", "correlationVector":"/zH6EauG/r6LNBjM791IvL.2","action":"Commit Response", "result":"SYNCER_OK", "context":Result: SYNCER_OK. cV=/zH6EauG/r6LNBjM791IvL.0;server=GENERAL0100000X;cloudType=Consumer;environment=Prod_SouthCentralUS_000i;migrationStage=NotStarted}
{"logTime": "0324/222826", "correlationVector":"4fqoAPTjL83UEHrCrCbHJV","action":"Commit Request", "result":"", "context":Item count: 1
Contributing types: Sessions}
{"logTime": "0324/222826", "correlationVector":"4fqoAPTjL83UEHrCrCbHJV.1","action":"SyncServerConnectionManagerRequest", "result":"SYNC_SERVER_OK", "context":{"environment":"Prod_SouthCentralUS_000i", "migrationStage":"NotStarted", "server":"GENERAL0100000I"}}
{"logTime": "0324/222826", "correlationVector":"4fqoAPTjL83UEHrCrCbHJV.2","action":"Commit Response", "result":"SYNCER_OK", "context":Result: SYNCER_OK. cV=4fqoAPTjL83UEHrCrCbHJV.0;server=GENERAL0100000I;cloudType=Consumer;environment=Prod_SouthCentralUS_000i;migrationStage=NotStarted}
{"logTime": "0324/223800", "correlationVector":"toThM04n//SiJlJagQdpAm","action":"Commit Request", "result":"", "context":Item count: 1
Contributing types: Sessions}
{"logTime": "0324/223800", "correlationVector":"toThM04n//SiJlJagQdpAm.1","action":"SyncServerConnectionManagerRequest", "result":"SYNC_SERVER_OK", "context":{"environment":"Prod_SouthCentralUS_000i", "migrationStage":"NotStarted", "server":"GENERAL0100000I"}}
{"logTime": "0324/223800", "correlationVector":"toThM04n//SiJlJagQdpAm.2","action":"Commit Response", "result":"SYNCER_OK", "context":Result: SYNCER_OK. cV=toThM04n//SiJlJagQdpAm.0;server=GENERAL0100000I;cloudType=Consumer;environment=Prod_SouthCentralUS_000i;migrationStage=NotStarted}
{"logTime": "0324/223914", "correlationVector":"koxhCj73MB+IkcaSJASdFb","action":"Commit Request", "result":"", "context":Item count: 1
Contributing types: Sessions}
{"logTime": "0324/223914", "correlationVector":"koxhCj73MB+IkcaSJASdFb.1","action":"SyncServerConnectionManagerRequest", "result":"SYNC_SERVER_OK", "context":{"environment":"Prod_SouthCentralUS_000i", "migrationStage":"NotStarted", "server":"GENERAL01000017"}}
{"logTime": "0324/223914", "correlationVector":"koxhCj73MB+IkcaSJASdFb.2","action":"Commit Response", "result":"SYNCER_OK", "context":Result: SYNCER_OK. cV=koxhCj73MB+IkcaSJASdFb.0;server=GENERAL01000017;cloudType=Consumer;environment=Prod_SouthCentralUS_000i;migrationStage=NotStarted}
{"logTime": "0324/223951", "correlationVector":"tATk8YhrdIb2c3WL8Tk/dV","action":"Commit Request", "result":"", "context":Item count: 1
Contributing types: Sessions}
{"logTime": "0324/223951", "correlationVector":"tATk8YhrdIb2c3WL8Tk/dV.1","action":"SyncServerConnectionManagerRequest", "result":"SYNC_SERVER_OK", "context":{"environment":"Prod_SouthCentralUS_000i", "migrationStage":"NotStarted", "server":"GENERAL0100000A"}}
{"logTime": "0324/223951", "correlationVector":"tATk8YhrdIb2c3WL8Tk/dV.2","action":"Commit Response", "result":"SYNCER_OK", "context":Result: SYNCER_OK. cV=tATk8YhrdIb2c3WL8Tk/dV.0;server=GENERAL0100000A;cloudType=Consumer;environment=Prod_SouthCentralUS_000i;migrationStage=NotStarted}
{"logTime": "0324/224046", "correlationVector":"T4IpmJp8qYBHvWyIWMfRJS","action":"Commit Request", "result":"", "context":Item count: 1
Contributing types: Sessions}
{"logTime": "0324/224046", "correlationVector":"T4IpmJp8qYBHvWyIWMfRJS.1","action":"SyncServerConnectionManagerRequest", "result":"SYNC_SERVER_OK", "context":{"environment":"Prod_SouthCentralUS_000i", "migrationStage":"NotStarted", "server":"GENERAL01000006"}}
{"logTime": "0324/224046", "correlationVector":"T4IpmJp8qYBHvWyIWMfRJS.2","action":"Commit Response", "result":"SYNCER_OK", "context":Result: SYNCER_OK. cV=T4IpmJp8qYBHvWyIWMfRJS.0;server=GENERAL01000006;cloudType=Consumer;environment=Prod_SouthCentralUS_000i;migrationStage=NotStarted}
{"logTime": "0324/224136", "correlationVector":"YrneICMivBkeqYwySHxRS+","action":"Commit Request", "result":"", "context":Item count: 1
Contributing types: Sessions}
{"logTime": "0324/224136", "correlationVector":"YrneICMivBkeqYwySHxRS+.1","action":"SyncServerConnectionManagerRequest", "result":"SYNC_SERVER_OK", "context":{"environment":"Prod_SouthCentralUS_000i", "migrationStage":"NotStarted", "server":"GENERAL01000004"}}
{"logTime": "0324/224136", "correlationVector":"YrneICMivBkeqYwySHxRS+.2","action":"Commit Response", "result":"SYNCER_OK", "context":Result: SYNCER_OK. cV=YrneICMivBkeqYwySHxRS+.0;server=GENERAL01000004;cloudType=Consumer;environment=Prod_SouthCentralUS_000i;migrationStage=NotStarted}
{"logTime": "0324/232955", "correlationVector":"W83pMlmvh9HLhkagtfmbfC","action":"Commit Request", "result":"", "context":Item count: 1
Contributing types: Sessions}
{"logTime": "0324/232955", "correlationVector":"W83pMlmvh9HLhkagtfmbfC.1","action":"SyncServerConnectionManagerRequest", "result":"SYNC_SERVER_OK", "context":{"environment":"Prod_SouthCentralUS_000i", "migrationStage":"NotStarted", "server":"GENERAL0100000G"}}
{"logTime": "0324/232955", "correlationVector":"W83pMlmvh9HLhkagtfmbfC.2","action":"Commit Response", "result":"SYNCER_OK", "context":Result: SYNCER_OK. cV=W83pMlmvh9HLhkagtfmbfC.0;server=GENERAL0100000G;cloudType=Consumer;environment=Prod_SouthCentralUS_000i;migrationStage=NotStarted}
{"logTime": "0324/233358", "correlationVector":"ZWPfVUnjCiC9gfbTjLut1k","action":"Commit Request", "result":"", "context":Item count: 1
Contributing types: Sessions}
{"logTime": "0324/233358", "correlationVector":"ZWPfVUnjCiC9gfbTjLut1k.1","action":"SyncServerConnectionManagerRequest", "result":"SYNC_SERVER_OK", "context":{"environment":"Prod_SouthCentralUS_000i", "migrationStage":"NotStarted", "server":"GENERAL0100001F"}}
{"logTime": "0324/233358", "correlationVector":"ZWPfVUnjCiC9gfbTjLut1k.2","action":"Commit Response", "result":"SYNCER_OK", "context":Result: SYNCER_OK. cV=ZWPfVUnjCiC9gfbTjLut1k.0;server=GENERAL0100001F;cloudType=Consumer;environment=Prod_SouthCentralUS_000i;migrationStage=NotStarted}
{"logTime": "0324/233429", "correlationVector":"V7dnWYFTUAHQbIuHRJkKEB","action":"Commit Request", "result":"", "context":Item count: 1
Contributing types: Sessions}
{"logTime": "0324/233429", "correlationVector":"V7dnWYFTUAHQbIuHRJkKEB.1","action":"SyncServerConnectionManagerRequest", "result":"SYNC_SERVER_OK", "context":{"environment":"Prod_SouthCentralUS_000i", "migrationStage":"NotStarted", "server":"GENERAL01000017"}}
{"logTime": "0324/233429", "correlationVector":"V7dnWYFTUAHQbIuHRJkKEB.2","action":"Commit Response", "result":"SYNCER_OK", "context":Result: SYNCER_OK. cV=V7dnWYFTUAHQbIuHRJkKEB.0;server=GENERAL01000017;cloudType=Consumer;environment=Prod_SouthCentralUS_000i;migrationStage=NotStarted}
{"logTime": "0324/234848", "correlationVector":"1dEvg0CPv0IpZF1WVXEDW8","action":"Poll GetUpdate request", "result":"", "context":cV=1dEvg0CPv0IpZF1WVXEDW8}
{"logTime": "0324/234848", "correlationVector":"1dEvg0CPv0IpZF1WVXEDW8.1","action":"SyncServerConnectionManagerRequest", "result":"SYNC_AUTH_ERROR", "context":{"environment":"Prod_SouthCentralUS_000i", "migrationStage":"NotStarted", "server":"GENERAL0100001G"}}
{"logTime": "0324/234848", "correlationVector":"1dEvg0CPv0IpZF1WVXEDW8.2","action":"GetUpdates Response", "result":"SYNC_AUTH_ERROR (HTTP 401)", "context":Received error: SYNC_AUTH_ERROR (HTTP 401). cV=1dEvg0CPv0IpZF1WVXEDW8.0;server=GENERAL0100001G;cloudType=Undetermined;environment=Prod_SouthCentralUS_000i;migrationStage=NotStarted}
{"logTime": "0324/234849", "correlationVector":"CUs6e1Y4MFXo0Bx/FFUwPu","action":"Poll GetUpdate request", "result":"", "context":cV=CUs6e1Y4MFXo0Bx/FFUwPu}
{"logTime": "0324/234849", "correlationVector":"CUs6e1Y4MFXo0Bx/FFUwPu.1","action":"SyncServerConnectionManagerRequest", "result":"SYNC_SERVER_OK", "context":{"environment":"Prod_SouthCentralUS_000i", "migrationStage":"NotStarted", "server":"GENERAL01000004"}}
{"logTime": "0324/234849", "correlationVector":"CUs6e1Y4MFXo0Bx/FFUwPu.2","action":"GetUpdates Response", "result":"SYNCER_OK", "context":Received 1 update(s). cV=CUs6e1Y4MFXo0Bx/FFUwPu.0;server=GENERAL01000004;cloudType=Consumer;environment=Prod_SouthCentralUS_000i;migrationStage=NotStarted}
{"logTime": "0324/235748", "correlationVector":"ysWiOQonNOHOTPHGyYufb1","action":"Commit Request", "result":"", "context":Item count: 1
Contributing types: Sessions}
{"logTime": "0324/235748", "correlationVector":"ysWiOQonNOHOTPHGyYufb1.1","action":"SyncServerConnectionManagerRequest", "result":"SYNC_SERVER_OK", "context":{"environment":"Prod_SouthCentralUS_000i", "migrationStage":"NotStarted", "server":"GENERAL0100000G"}}
{"logTime": "0324/235748", "correlationVector":"ysWiOQonNOHOTPHGyYufb1.2","action":"Commit Response", "result":"SYNCER_OK", "context":Result: SYNCER_OK. cV=ysWiOQonNOHOTPHGyYufb1.0;server=GENERAL0100000G;cloudType=Consumer;environment=Prod_SouthCentralUS_000i;migrationStage=NotStarted}
{"logTime": "0324/235950", "correlationVector":"VH15+vPSnaGHb5dwOTzvzL","action":"Commit Request", "result":"", "context":Item count: 1
Contributing types: Sessions}
{"logTime": "0324/235950", "correlationVector":"VH15+vPSnaGHb5dwOTzvzL.1","action":"SyncServerConnectionManagerRequest", "result":"SYNC_SERVER_OK", "context":{"environment":"Prod_SouthCentralUS_000i", "migrationStage":"NotStarted", "server":"GENERAL0100000F"}}
{"logTime": "0324/235950", "correlationVector":"VH15+vPSnaGHb5dwOTzvzL.2","action":"Commit Response", "result":"SYNCER_OK", "context":Result: SYNCER_OK. cV=VH15+vPSnaGHb5dwOTzvzL.0;server=GENERAL0100000F;cloudType=Consumer;environment=Prod_SouthCentralUS_000i;migrationStage=NotStarted}
{"logTime": "0325/000031", "correlationVector":"kJqG8WQz+5h1WUKfpNStaw","action":"Commit Request", "result":"", "context":Item count: 1
Contributing types: Sessions}
{"logTime": "0325/000031", "correlationVector":"kJqG8WQz+5h1WUKfpNStaw.1","action":"SyncServerConnectionManagerRequest", "result":"SYNC_SERVER_OK", "context":{"environment":"Prod_SouthCentralUS_000i", "migrationStage":"NotStarted", "server":"GENERAL0100000N"}}
{"logTime": "0325/000031", "correlationVector":"kJqG8WQz+5h1WUKfpNStaw.2","action":"Commit Response", "result":"SYNCER_OK", "context":Result: SYNCER_OK. cV=kJqG8WQz+5h1WUKfpNStaw.0;server=GENERAL0100000N;cloudType=Consumer;environment=Prod_SouthCentralUS_000i;migrationStage=NotStarted}
{"logTime": "0325/000123", "correlationVector":"BmVcs9A5ohGGkylyi2qNAg","action":"Commit Request", "result":"", "context":Item count: 1
Contributing types: Sessions}
{"logTime": "0325/000123", "correlationVector":"BmVcs9A5ohGGkylyi2qNAg.1","action":"SyncServerConnectionManagerRequest", "result":"SYNC_SERVER_OK", "context":{"environment":"Prod_SouthCentralUS_000i", "migrationStage":"NotStarted", "server":"GENERAL01000015"}}
{"logTime": "0325/000123", "correlationVector":"BmVcs9A5ohGGkylyi2qNAg.2","action":"Commit Response", "result":"SYNCER_OK", "context":Result: SYNCER_OK. cV=BmVcs9A5ohGGkylyi2qNAg.0;server=GENERAL01000015;cloudType=Consumer;environment=Prod_SouthCentralUS_000i;migrationStage=NotStarted}
{"logTime": "0325/000209", "correlationVector":"PbiC6OD6+lEC9an7ee+tdk","action":"Commit Request", "result":"", "context":Item count: 1
Contributing types: Sessions}
{"logTime": "0325/000209", "correlationVector":"PbiC6OD6+lEC9an7ee+tdk.1","action":"SyncServerConnectionManagerRequest", "result":"SYNC_SERVER_OK", "context":{"environment":"Prod_SouthCentralUS_000i", "migrationStage":"NotStarted", "server":"GENERAL01000007"}}
{"logTime": "0325/000209", "correlationVector":"PbiC6OD6+lEC9an7ee+tdk.2","action":"Commit Response", "result":"SYNCER_OK", "context":Result: SYNCER_OK. cV=PbiC6OD6+lEC9an7ee+tdk.0;server=GENERAL01000007;cloudType=Consumer;environment=Prod_SouthCentralUS_000i;migrationStage=NotStarted}
{"logTime": "0325/000252", "correlationVector":"MCmjE3XlcjiRKaLqe6Oajo","action":"Commit Request", "result":"", "context":Item count: 1
Contributing types: Sessions}
{"logTime": "0325/000252", "correlationVector":"MCmjE3XlcjiRKaLqe6Oajo.1","action":"SyncServerConnectionManagerRequest", "result":"SYNC_SERVER_OK", "context":{"environment":"Prod_SouthCentralUS_000i", "migrationStage":"NotStarted", "server":"GENERAL0100001G"}}
{"logTime": "0325/000252", "correlationVector":"MCmjE3XlcjiRKaLqe6Oajo.2","action":"Commit Response", "result":"SYNCER_OK", "context":Result: SYNCER_OK. cV=MCmjE3XlcjiRKaLqe6Oajo.0;server=GENERAL0100001G;cloudType=Consumer;environment=Prod_SouthCentralUS_000i;migrationStage=NotStarted}
{"logTime": "0325/000326", "correlationVector":"YwOXXRLcBxaIl0yydRoqOC","action":"Commit Request", "result":"", "context":Item count: 1
Contributing types: Sessions}
{"logTime": "0325/000326", "correlationVector":"YwOXXRLcBxaIl0yydRoqOC.1","action":"SyncServerConnectionManagerRequest", "result":"SYNC_SERVER_OK", "context":{"environment":"Prod_SouthCentralUS_000i", "migrationStage":"NotStarted", "server":"GENERAL0100001I"}}
{"logTime": "0325/000326", "correlationVector":"YwOXXRLcBxaIl0yydRoqOC.2","action":"Commit Response", "result":"SYNCER_OK", "context":Result: SYNCER_OK. cV=YwOXXRLcBxaIl0yydRoqOC.0;server=GENERAL0100001I;cloudType=Consumer;environment=Prod_SouthCentralUS_000i;migrationStage=NotStarted}
{"logTime": "0325/000402", "correlationVector":"F0+wsUJ61ZLi4SzR9I36Zc","action":"Commit Request", "result":"", "context":Item count: 1
Contributing types: Sessions}
{"logTime": "0325/000402", "correlationVector":"F0+wsUJ61ZLi4SzR9I36Zc.1","action":"SyncServerConnectionManagerRequest", "result":"SYNC_SERVER_OK", "context":{"environment":"Prod_SouthCentralUS_000i", "migrationStage":"NotStarted", "server":"general0100000L"}}
{"logTime": "0325/000402", "correlationVector":"F0+wsUJ61ZLi4SzR9I36Zc.2","action":"Commit Response", "result":"SYNCER_OK", "context":Result: SYNCER_OK. cV=F0+wsUJ61ZLi4SzR9I36Zc.0;server=general0100000L;cloudType=Consumer;environment=Prod_SouthCentralUS_000i;migrationStage=NotStarted}
{"logTime": "0325/000543", "correlationVector":"WIJzq6HIrRM1gGvzvQCsw4","action":"Commit Request", "result":"", "context":Item count: 1
Contributing types: Sessions}
{"logTime": "0325/000543", "correlationVector":"WIJzq6HIrRM1gGvzvQCsw4.1","action":"SyncServerConnectionManagerRequest", "result":"SYNC_SERVER_OK", "context":{"environment":"Prod_SouthCentralUS_000i", "migrationStage":"NotStarted", "server":"GENERAL01000015"}}
{"logTime": "0325/000543", "correlationVector":"WIJzq6HIrRM1gGvzvQCsw4.2","action":"Commit Response", "result":"SYNCER_OK", "context":Result: SYNCER_OK. cV=WIJzq6HIrRM1gGvzvQCsw4.0;server=GENERAL01000015;cloudType=Consumer;environment=Prod_SouthCentralUS_000i;migrationStage=NotStarted}
{"logTime": "0325/000757", "correlationVector":"YWF0e/1B8oH8Rcq7POpOYp","action":"Commit Request", "result":"", "context":Item count: 1
Contributing types: Sessions}
{"logTime": "0325/000757", "correlationVector":"YWF0e/1B8oH8Rcq7POpOYp.1","action":"SyncServerConnectionManagerRequest", "result":"SYNC_SERVER_OK", "context":{"environment":"Prod_SouthCentralUS_000i", "migrationStage":"NotStarted", "server":"GENERAL0100001D"}}
{"logTime": "0325/000757", "correlationVector":"YWF0e/1B8oH8Rcq7POpOYp.2","action":"Commit Response", "result":"SYNCER_OK", "context":Result: SYNCER_OK. cV=YWF0e/1B8oH8Rcq7POpOYp.0;server=GENERAL0100001D;cloudType=Consumer;environment=Prod_SouthCentralUS_000i;migrationStage=NotStarted}
{"logTime": "0325/000854", "correlationVector":"slF70B9wva6B67ksfhtw8d","action":"Commit Request", "result":"", "context":Item count: 1
Contributing types: Sessions}
{"logTime": "0325/000854", "correlationVector":"slF70B9wva6B67ksfhtw8d.1","action":"SyncServerConnectionManagerRequest", "result":"SYNC_SERVER_OK", "context":{"environment":"Prod_SouthCentralUS_000i", "migrationStage":"NotStarted", "server":"GENERAL0100000I"}}
{"logTime": "0325/000854", "correlationVector":"slF70B9wva6B67ksfhtw8d.2","action":"Commit Response", "result":"SYNCER_OK", "context":Result: SYNCER_OK. cV=slF70B9wva6B67ksfhtw8d.0;server=GENERAL0100000I;cloudType=Consumer;environment=Prod_SouthCentralUS_000i;migrationStage=NotStarted}
{"logTime": "0325/000933", "correlationVector":"O0xakQqwGMnR698P7AIWhx","action":"Commit Request", "result":"", "context":Item count: 1
Contributing types: Sessions}
{"logTime": "0325/000933", "correlationVector":"O0xakQqwGMnR698P7AIWhx.1","action":"SyncServerConnectionManagerRequest", "result":"SYNC_SERVER_OK", "context":{"environment":"Prod_SouthCentralUS_000i", "migrationStage":"NotStarted", "server":"GENERAL01000011"}}
{"logTime": "0325/000933", "correlationVector":"O0xakQqwGMnR698P7AIWhx.2","action":"Commit Response", "result":"SYNCER_OK", "context":Result: SYNCER_OK. cV=O0xakQqwGMnR698P7AIWhx.0;server=GENERAL01000011;cloudType=Consumer;environment=Prod_SouthCentralUS_000i;migrationStage=NotStarted}
{"logTime": "0325/001004", "correlationVector":"LwYkG0YCdoL/h3JDhtxHW2","action":"Commit Request", "result":"", "context":Item count: 1
Contributing types: Sessions}
{"logTime": "0325/001004", "correlationVector":"LwYkG0YCdoL/h3JDhtxHW2.1","action":"SyncServerConnectionManagerRequest", "result":"SYNC_SERVER_OK", "context":{"environment":"Prod_SouthCentralUS_000i", "migrationStage":"NotStarted", "server":"GENERAL01000000"}}
{"logTime": "0325/001004", "correlationVector":"LwYkG0YCdoL/h3JDhtxHW2.2","action":"Commit Response", "result":"SYNCER_OK", "context":Result: SYNCER_OK. cV=LwYkG0YCdoL/h3JDhtxHW2.0;server=GENERAL01000000;cloudType=Consumer;environment=Prod_SouthCentralUS_000i;migrationStage=NotStarted}
{"logTime": "0325/001040", "correlationVector":"HqTVAnSTcsG6a3jIZ4j17A","action":"Commit Request", "result":"", "context":Item count: 1
Contributing types: Sessions}
{"logTime": "0325/001040", "correlationVector":"HqTVAnSTcsG6a3jIZ4j17A.1","action":"SyncServerConnectionManagerRequest", "result":"SYNC_SERVER_OK", "context":{"environment":"Prod_SouthCentralUS_000i", "migrationStage":"NotStarted", "server":"GENERAL0100000F"}}
{"logTime": "0325/001040", "correlationVector":"HqTVAnSTcsG6a3jIZ4j17A.2","action":"Commit Response", "result":"SYNCER_OK", "context":Result: SYNCER_OK. cV=HqTVAnSTcsG6a3jIZ4j17A.0;server=GENERAL0100000F;cloudType=Consumer;environment=Prod_SouthCentralUS_000i;migrationStage=NotStarted}
{"logTime": "0325/001444", "correlationVector":"K7O1bSPcXuT1cLEy2EEG2l","action":"Commit Request", "result":"", "context":Item count: 1
Contributing types: Sessions}
{"logTime": "0325/001445", "correlationVector":"K7O1bSPcXuT1cLEy2EEG2l.1","action":"SyncServerConnectionManagerRequest", "result":"SYNC_SERVER_OK", "context":{"environment":"Prod_SouthCentralUS_000i", "migrationStage":"NotStarted", "server":"GENERAL0100001H"}}
{"logTime": "0325/001445", "correlationVector":"K7O1bSPcXuT1cLEy2EEG2l.2","action":"Commit Response", "result":"SYNCER_OK", "context":Result: SYNCER_OK. cV=K7O1bSPcXuT1cLEy2EEG2l.0;server=GENERAL0100001H;cloudType=Consumer;environment=Prod_SouthCentralUS_000i;migrationStage=NotStarted}
{"logTime": "0325/001538", "correlationVector":"a2M3xgvLFdffxNxndbXCeC","action":"Commit Request", "result":"", "context":Item count: 1
Contributing types: Sessions}
{"logTime": "0325/001538", "correlationVector":"a2M3xgvLFdffxNxndbXCeC.1","action":"SyncServerConnectionManagerRequest", "result":"SYNC_SERVER_OK", "context":{"environment":"Prod_SouthCentralUS_000i", "migrationStage":"NotStarted", "server":"GENERAL0100000D"}}
{"logTime": "0325/001538", "correlationVector":"a2M3xgvLFdffxNxndbXCeC.2","action":"Commit Response", "result":"SYNCER_OK", "context":Result: SYNCER_OK. cV=a2M3xgvLFdffxNxndbXCeC.0;server=GENERAL0100000D;cloudType=Consumer;environment=Prod_SouthCentralUS_000i;migrationStage=NotStarted}
{"logTime": "0325/001742", "correlationVector":"hi7MiGQ+a0/k8+ZhWRL6h5","action":"Commit Request", "result":"", "context":Item count: 1
Contributing types: Sessions}
{"logTime": "0325/001743", "correlationVector":"hi7MiGQ+a0/k8+ZhWRL6h5.1","action":"SyncServerConnectionManagerRequest", "result":"SYNC_SERVER_OK", "context":{"environment":"Prod_SouthCentralUS_000i", "migrationStage":"NotStarted", "server":"GENERAL01000011"}}
{"logTime": "0325/001743", "correlationVector":"hi7MiGQ+a0/k8+ZhWRL6h5.2","action":"Commit Response", "result":"SYNCER_OK", "context":Result: SYNCER_OK. cV=hi7MiGQ+a0/k8+ZhWRL6h5.0;server=GENERAL01000011;cloudType=Consumer;environment=Prod_SouthCentralUS_000i;migrationStage=NotStarted}
{"logTime": "0325/001813", "correlationVector":"uswNt7jv9LYtFn/MLPmGoD","action":"Commit Request", "result":"", "context":Item count: 1
Contributing types: Sessions}
{"logTime": "0325/001813", "correlationVector":"uswNt7jv9LYtFn/MLPmGoD.1","action":"SyncServerConnectionManagerRequest", "result":"SYNC_SERVER_OK", "context":{"environment":"Prod_SouthCentralUS_000i", "migrationStage":"NotStarted", "server":"GENERAL01000005"}}
{"logTime": "0325/001813", "correlationVector":"uswNt7jv9LYtFn/MLPmGoD.2","action":"Commit Response", "result":"SYNCER_OK", "context":Result: SYNCER_OK. cV=uswNt7jv9LYtFn/MLPmGoD.0;server=GENERAL01000005;cloudType=Consumer;environment=Prod_SouthCentralUS_000i;migrationStage=NotStarted}
{"logTime": "0325/002042", "correlationVector":"JS/00QTenYq8qW3pvmE+8B","action":"Commit Request", "result":"", "context":Item count: 1
Contributing types: Sessions}
{"logTime": "0325/002042", "correlationVector":"JS/00QTenYq8qW3pvmE+8B.1","action":"SyncServerConnectionManagerRequest", "result":"SYNC_SERVER_OK", "context":{"environment":"Prod_SouthCentralUS_000i", "migrationStage":"NotStarted", "server":"general0100000L"}}
{"logTime": "0325/002042", "correlationVector":"JS/00QTenYq8qW3pvmE+8B.2","action":"Commit Response", "result":"SYNCER_OK", "context":Result: SYNCER_OK. cV=JS/00QTenYq8qW3pvmE+8B.0;server=general0100000L;cloudType=Consumer;environment=Prod_SouthCentralUS_000i;migrationStage=NotStarted}
{"logTime": "0325/002207", "correlationVector":"pYCpgOsPiH3KRgJzVystUb","action":"Commit Request", "result":"", "context":Item count: 1
Contributing types: Sessions}
{"logTime": "0325/002207", "correlationVector":"pYCpgOsPiH3KRgJzVystUb.1","action":"SyncServerConnectionManagerRequest", "result":"SYNC_SERVER_OK", "context":{"environment":"Prod_SouthCentralUS_000i", "migrationStage":"NotStarted", "server":"GENERAL01000013"}}
{"logTime": "0325/002207", "correlationVector":"pYCpgOsPiH3KRgJzVystUb.2","action":"Commit Response", "result":"SYNCER_OK", "context":Result: SYNCER_OK. cV=pYCpgOsPiH3KRgJzVystUb.0;server=GENERAL01000013;cloudType=Consumer;environment=Prod_SouthCentralUS_000i;migrationStage=NotStarted}
{"logTime": "0325/002315", "correlationVector":"f6HYW5xMOHkVg686hdqTHp","action":"Commit Request", "result":"", "context":Item count: 1
Contributing types: Sessions}
{"logTime": "0325/002316", "correlationVector":"f6HYW5xMOHkVg686hdqTHp.1","action":"SyncServerConnectionManagerRequest", "result":"SYNC_SERVER_OK", "context":{"environment":"Prod_SouthCentralUS_000i", "migrationStage":"NotStarted", "server":"GENERAL0100000V"}}
{"logTime": "0325/002316", "correlationVector":"f6HYW5xMOHkVg686hdqTHp.2","action":"Commit Response", "result":"SYNCER_OK", "context":Result: SYNCER_OK. cV=f6HYW5xMOHkVg686hdqTHp.0;server=GENERAL0100000V;cloudType=Consumer;environment=Prod_SouthCentralUS_000i;migrationStage=NotStarted}
{"logTime": "0325/002600", "correlationVector":"00PvQ5FvJmbFI9asrYYP6F","action":"Commit Request", "result":"", "context":Item count: 1
Contributing types: Sessions}
{"logTime": "0325/002601", "correlationVector":"00PvQ5FvJmbFI9asrYYP6F.1","action":"SyncServerConnectionManagerRequest", "result":"SYNC_SERVER_OK", "context":{"environment":"Prod_SouthCentralUS_000i", "migrationStage":"NotStarted", "server":"GENERAL01000013"}}
{"logTime": "0325/002601", "correlationVector":"00PvQ5FvJmbFI9asrYYP6F.2","action":"Commit Response", "result":"SYNCER_OK", "context":Result: SYNCER_OK. cV=00PvQ5FvJmbFI9asrYYP6F.0;server=GENERAL01000013;cloudType=Consumer;environment=Prod_SouthCentralUS_000i;migrationStage=NotStarted}
{"logTime": "0325/002634", "correlationVector":"FwzYJNm2/FwRd9lJQhifnZ","action":"Commit Request", "result":"", "context":Item count: 1
Contributing types: Sessions}
{"logTime": "0325/002634", "correlationVector":"FwzYJNm2/FwRd9lJQhifnZ.1","action":"SyncServerConnectionManagerRequest", "result":"SYNC_SERVER_OK", "context":{"environment":"Prod_SouthCentralUS_000i", "migrationStage":"NotStarted", "server":"GENERAL0100000N"}}
{"logTime": "0325/002634", "correlationVector":"FwzYJNm2/FwRd9lJQhifnZ.2","action":"Commit Response", "result":"SYNCER_OK", "context":Result: SYNCER_OK. cV=FwzYJNm2/FwRd9lJQhifnZ.0;server=GENERAL0100000N;cloudType=Consumer;environment=Prod_SouthCentralUS_000i;migrationStage=NotStarted}
{"logTime": "0325/002711", "correlationVector":"8GiStBGmD7WbMckIl6wA59","action":"Commit Request", "result":"", "context":Item count: 1
Contributing types: Sessions}
{"logTime": "0325/002711", "correlationVector":"8GiStBGmD7WbMckIl6wA59.1","action":"SyncServerConnectionManagerRequest", "result":"SYNC_SERVER_OK", "context":{"environment":"Prod_SouthCentralUS_000i", "migrationStage":"NotStarted", "server":"GENERAL0100000A"}}
{"logTime": "0325/002711", "correlationVector":"8GiStBGmD7WbMckIl6wA59.2","action":"Commit Response", "result":"SYNCER_OK", "context":Result: SYNCER_OK. cV=8GiStBGmD7WbMckIl6wA59.0;server=GENERAL0100000A;cloudType=Consumer;environment=Prod_SouthCentralUS_000i;migrationStage=NotStarted}
{"logTime": "0325/002802", "correlationVector":"6yqC2572n3DbIIXVou0ocC","action":"Commit Request", "result":"", "context":Item count: 1
Contributing types: Sessions}
{"logTime": "0325/002802", "correlationVector":"6yqC2572n3DbIIXVou0ocC.1","action":"SyncServerConnectionManagerRequest", "result":"SYNC_SERVER_OK", "context":{"environment":"Prod_SouthCentralUS_000i", "migrationStage":"NotStarted", "server":"GENERAL01000013"}}
{"logTime": "0325/002802", "correlationVector":"6yqC2572n3DbIIXVou0ocC.2","action":"Commit Response", "result":"SYNCER_OK", "context":Result: SYNCER_OK. cV=6yqC2572n3DbIIXVou0ocC.0;server=GENERAL01000013;cloudType=Consumer;environment=Prod_SouthCentralUS_000i;migrationStage=NotStarted}
{"logTime": "0325/003138", "correlationVector":"qE0wYbTxY40b+P+bvru8Pv","action":"Commit Request", "result":"", "context":Item count: 1
Contributing types: Sessions}
{"logTime": "0325/003139", "correlationVector":"qE0wYbTxY40b+P+bvru8Pv.1","action":"SyncServerConnectionManagerRequest", "result":"SYNC_SERVER_OK", "context":{"environment":"Prod_SouthCentralUS_000i", "migrationStage":"NotStarted", "server":"GENERAL01000004"}}
{"logTime": "0325/003139", "correlationVector":"qE0wYbTxY40b+P+bvru8Pv.2","action":"Commit Response", "result":"SYNCER_OK", "context":Result: SYNCER_OK. cV=qE0wYbTxY40b+P+bvru8Pv.0;server=GENERAL01000004;cloudType=Consumer;environment=Prod_SouthCentralUS_000i;migrationStage=NotStarted}
{"logTime": "0325/005309", "correlationVector":"nljhuZVBy5NONTIJLvRjVK","action":"Commit Request", "result":"", "context":Item count: 1
Contributing types: Sessions}
{"logTime": "0325/005309", "correlationVector":"nljhuZVBy5NONTIJLvRjVK.1","action":"SyncServerConnectionManagerRequest", "result":"SYNC_SERVER_OK", "context":{"environment":"Prod_SouthCentralUS_000i", "migrationStage":"NotStarted", "server":"GENERAL01000010"}}
{"logTime": "0325/005309", "correlationVector":"nljhuZVBy5NONTIJLvRjVK.2","action":"Commit Response", "result":"SYNCER_OK", "context":Result: SYNCER_OK. cV=nljhuZVBy5NONTIJLvRjVK.0;server=GENERAL01000010;cloudType=Consumer;environment=Prod_SouthCentralUS_000i;migrationStage=NotStarted}
{"logTime": "0325/010146", "correlationVector":"34/OSDO2TpYm1cn8Qe/Oms","action":"Commit Request", "result":"", "context":Item count: 1
Contributing types: Sessions}
{"logTime": "0325/010146", "correlationVector":"34/OSDO2TpYm1cn8Qe/Oms.1","action":"SyncServerConnectionManagerRequest", "result":"SYNC_SERVER_OK", "context":{"environment":"Prod_SouthCentralUS_000i", "migrationStage":"NotStarted", "server":"GENERAL0100001A"}}
{"logTime": "0325/010146", "correlationVector":"34/OSDO2TpYm1cn8Qe/Oms.2","action":"Commit Response", "result":"SYNCER_OK", "context":Result: SYNCER_OK. cV=34/OSDO2TpYm1cn8Qe/Oms.0;server=GENERAL0100001A;cloudType=Consumer;environment=Prod_SouthCentralUS_000i;migrationStage=NotStarted}
{"logTime": "0325/010616", "correlationVector":"qVD6luqr4QbwqtRAM+7Shj","action":"Commit Request", "result":"", "context":Item count: 1
Contributing types: Sessions}
{"logTime": "0325/010617", "correlationVector":"qVD6luqr4QbwqtRAM+7Shj.1","action":"SyncServerConnectionManagerRequest", "result":"SYNC_SERVER_OK", "context":{"environment":"Prod_SouthCentralUS_000i", "migrationStage":"NotStarted", "server":"GENERAL0100000D"}}
{"logTime": "0325/010617", "correlationVector":"qVD6luqr4QbwqtRAM+7Shj.2","action":"Commit Response", "result":"SYNCER_OK", "context":Result: SYNCER_OK. cV=qVD6luqr4QbwqtRAM+7Shj.0;server=GENERAL0100000D;cloudType=Consumer;environment=Prod_SouthCentralUS_000i;migrationStage=NotStarted}
{"logTime": "0325/041516", "correlationVector":"dTsayZZANDKDpySPjt7QeX","action":"Commit Request", "result":"", "context":Item count: 1
Contributing types: Sessions}
{"logTime": "0325/041516", "correlationVector":"dTsayZZANDKDpySPjt7QeX.1","action":"SyncServerConnectionManagerRequest", "result":"SYNC_SERVER_OK", "context":{"environment":"Prod_SouthCentralUS_000i", "migrationStage":"NotStarted", "server":"GENERAL0100000Z"}}
{"logTime": "0325/041516", "correlationVector":"dTsayZZANDKDpySPjt7QeX.2","action":"Commit Response", "result":"SYNCER_OK", "context":Result: SYNCER_OK. cV=dTsayZZANDKDpySPjt7QeX.0;server=GENERAL0100000Z;cloudType=Consumer;environment=Prod_SouthCentralUS_000i;migrationStage=NotStarted}
{"logTime": "0325/041819", "correlationVector":"DuzfnK6jm/Rehn8Dk/tQ0F","action":"Commit Request", "result":"", "context":Item count: 1
Contributing types: Sessions}
{"logTime": "0325/041819", "correlationVector":"DuzfnK6jm/Rehn8Dk/tQ0F.1","action":"SyncServerConnectionManagerRequest", "result":"SYNC_SERVER_OK", "context":{"environment":"Prod_SouthCentralUS_000i", "migrationStage":"NotStarted", "server":"GENERAL01000010"}}
{"logTime": "0325/041819", "correlationVector":"DuzfnK6jm/Rehn8Dk/tQ0F.2","action":"Commit Response", "result":"SYNCER_OK", "context":Result: SYNCER_OK. cV=DuzfnK6jm/Rehn8Dk/tQ0F.0;server=GENERAL01000010;cloudType=Consumer;environment=Prod_SouthCentralUS_000i;migrationStage=NotStarted}
{"logTime": "0325/042327", "correlationVector":"RdGFtHDcJxpnviL9JpHNaf","action":"Commit Request", "result":"", "context":Item count: 1
Contributing types: Sessions}
{"logTime": "0325/042327", "correlationVector":"RdGFtHDcJxpnviL9JpHNaf.1","action":"SyncServerConnectionManagerRequest", "result":"SYNC_SERVER_OK", "context":{"environment":"Prod_SouthCentralUS_000i", "migrationStage":"NotStarted", "server":"GENERAL01000006"}}
{"logTime": "0325/042327", "correlationVector":"RdGFtHDcJxpnviL9JpHNaf.2","action":"Commit Response", "result":"SYNCER_OK", "context":Result: SYNCER_OK. cV=RdGFtHDcJxpnviL9JpHNaf.0;server=GENERAL01000006;cloudType=Consumer;environment=Prod_SouthCentralUS_000i;migrationStage=NotStarted}
{"logTime": "0325/042418", "correlationVector":"8N8ftP38uPt8H6k7ZcXzHd","action":"Commit Request", "result":"", "context":Item count: 1
Contributing types: Sessions}
{"logTime": "0325/042418", "correlationVector":"8N8ftP38uPt8H6k7ZcXzHd.1","action":"SyncServerConnectionManagerRequest", "result":"SYNC_SERVER_OK", "context":{"environment":"Prod_SouthCentralUS_000i", "migrationStage":"NotStarted", "server":"GENERAL0100000R"}}
{"logTime": "0325/042418", "correlationVector":"8N8ftP38uPt8H6k7ZcXzHd.2","action":"Commit Response", "result":"SYNCER_OK", "context":Result: SYNCER_OK. cV=8N8ftP38uPt8H6k7ZcXzHd.0;server=GENERAL0100000R;cloudType=Consumer;environment=Prod_SouthCentralUS_000i;migrationStage=NotStarted}
{"logTime": "0325/042519", "correlationVector":"Vo5yJoIy6Ye/wtD/fb+1Oe","action":"Commit Request", "result":"", "context":Item count: 1
Contributing types: Sessions}
{"logTime": "0325/042519", "correlationVector":"Vo5yJoIy6Ye/wtD/fb+1Oe.1","action":"SyncServerConnectionManagerRequest", "result":"SYNC_SERVER_OK", "context":{"environment":"Prod_SouthCentralUS_000i", "migrationStage":"NotStarted", "server":"GENERAL0100001G"}}
{"logTime": "0325/042519", "correlationVector":"Vo5yJoIy6Ye/wtD/fb+1Oe.2","action":"Commit Response", "result":"SYNCER_OK", "context":Result: SYNCER_OK. cV=Vo5yJoIy6Ye/wtD/fb+1Oe.0;server=GENERAL0100001G;cloudType=Consumer;environment=Prod_SouthCentralUS_000i;migrationStage=NotStarted}
{"logTime": "0325/042648", "correlationVector":"e84gCKRSCaL3R8D0+2p6uW","action":"Commit Request", "result":"", "context":Item count: 1
Contributing types: Sessions}
{"logTime": "0325/042648", "correlationVector":"e84gCKRSCaL3R8D0+2p6uW.1","action":"SyncServerConnectionManagerRequest", "result":"SYNC_SERVER_OK", "context":{"environment":"Prod_SouthCentralUS_000i", "migrationStage":"NotStarted", "server":"GENERAL0100000D"}}
{"logTime": "0325/042648", "correlationVector":"e84gCKRSCaL3R8D0+2p6uW.2","action":"Commit Response", "result":"SYNCER_OK", "context":Result: SYNCER_OK. cV=e84gCKRSCaL3R8D0+2p6uW.0;server=GENERAL0100000D;cloudType=Consumer;environment=Prod_SouthCentralUS_000i;migrationStage=NotStarted}
{"logTime": "0325/042759", "correlationVector":"FeKipJbm2Y0PUH7oJQfpXu","action":"Commit Request", "result":"", "context":Item count: 1
Contributing types: Sessions}
{"logTime": "0325/042759", "correlationVector":"FeKipJbm2Y0PUH7oJQfpXu.1","action":"SyncServerConnectionManagerRequest", "result":"SYNC_SERVER_OK", "context":{"environment":"Prod_SouthCentralUS_000i", "migrationStage":"NotStarted", "server":"GENERAL0100000W"}}
{"logTime": "0325/042759", "correlationVector":"FeKipJbm2Y0PUH7oJQfpXu.2","action":"Commit Response", "result":"SYNCER_OK", "context":Result: SYNCER_OK. cV=FeKipJbm2Y0PUH7oJQfpXu.0;server=GENERAL0100000W;cloudType=Consumer;environment=Prod_SouthCentralUS_000i;migrationStage=NotStarted}
{"logTime": "0325/043016", "correlationVector":"glrOInKd9txY4j33IqpqII","action":"Commit Request", "result":"", "context":Item count: 1
Contributing types: Sessions}
{"logTime": "0325/043016", "correlationVector":"glrOInKd9txY4j33IqpqII.1","action":"SyncServerConnectionManagerRequest", "result":"SYNC_SERVER_OK", "context":{"environment":"Prod_SouthCentralUS_000i", "migrationStage":"NotStarted", "server":"GENERAL01000012"}}
{"logTime": "0325/043016", "correlationVector":"glrOInKd9txY4j33IqpqII.2","action":"Commit Response", "result":"SYNCER_OK", "context":Result: SYNCER_OK. cV=glrOInKd9txY4j33IqpqII.0;server=GENERAL01000012;cloudType=Consumer;environment=Prod_SouthCentralUS_000i;migrationStage=NotStarted}
{"logTime": "0325/043242", "correlationVector":"uscjZvN/VYwZa/KWMsE9Mo","action":"Commit Request", "result":"", "context":Item count: 1
Contributing types: Sessions}
{"logTime": "0325/043243", "correlationVector":"uscjZvN/VYwZa/KWMsE9Mo.1","action":"SyncServerConnectionManagerRequest", "result":"SYNC_SERVER_OK", "context":{"environment":"Prod_SouthCentralUS_000i", "migrationStage":"NotStarted", "server":"GENERAL0100001H"}}
{"logTime": "0325/043243", "correlationVector":"uscjZvN/VYwZa/KWMsE9Mo.2","action":"Commit Response", "result":"SYNCER_OK", "context":Result: SYNCER_OK. cV=uscjZvN/VYwZa/KWMsE9Mo.0;server=GENERAL0100001H;cloudType=Consumer;environment=Prod_SouthCentralUS_000i;migrationStage=NotStarted}
{"logTime": "0325/043503", "correlationVector":"vFuMkNunJdRae4OuQwS6Se.1","action":"SyncServerConnectionManagerRequest", "result":"SYNC_SERVER_OK", "context":{"environment":"Prod_SouthCentralUS_000i", "migrationStage":"NotStarted", "server":"GENERAL0100000H"}}
{"logTime": "0325/043503", "correlationVector":"vFuMkNunJdRae4OuQwS6Se","action":"Initial GetUpdates", "result":"", "context":Reason: NEW_CLIENT. cV=vFuMkNunJdRae4OuQwS6Se}
{"logTime": "0325/043503", "correlationVector":"vFuMkNunJdRae4OuQwS6Se.2","action":"GetUpdates Response", "result":"SYNCER_OK", "context":Received 1 update(s). cV=vFuMkNunJdRae4OuQwS6Se.0;server=GENERAL0100000H;cloudType=Consumer;environment=Prod_SouthCentralUS_000i;migrationStage=NotStarted}
{"logTime": "0325/043503", "correlationVector":"xbSLFhDOIwwgtW4EWTCdOY","action":"Initial GetUpdates", "result":"", "context":Reason: NEWLY_SUPPORTED_DATATYPE. cV=xbSLFhDOIwwgtW4EWTCdOY}
{"logTime": "0325/043503", "correlationVector":"xbSLFhDOIwwgtW4EWTCdOY.1","action":"SyncServerConnectionManagerRequest", "result":"SYNC_SERVER_OK", "context":{"environment":"Prod_SouthCentralUS_000i", "migrationStage":"NotStarted", "server":"GENERAL01000000"}}
{"logTime": "0325/043503", "correlationVector":"xbSLFhDOIwwgtW4EWTCdOY.2","action":"GetUpdates", "result":"DeleteReceived", "context":{"id":"1e1c17a1-f7fe-489e-bfda-cfff65587099", "isDeleted:":"true", "version":"1687400152613"}}
{"logTime": "0325/043503", "correlationVector":"xbSLFhDOIwwgtW4EWTCdOY.3","action":"GetUpdates", "result":"DeleteReceived", "context":{"id":"11b93deb-d834-41e3-a012-7399a7581c7d", "isDeleted:":"true", "version":"1691932899874"}}
{"logTime": "0325/043503", "correlationVector":"xbSLFhDOIwwgtW4EWTCdOY.4","action":"GetUpdates Response", "result":"SYNCER_OK", "context":Received 120 update(s). cV=xbSLFhDOIwwgtW4EWTCdOY.0;server=GENERAL01000000;cloudType=Consumer;environment=Prod_SouthCentralUS_000i;migrationStage=NotStarted}
{"logTime": "0325/043503", "correlationVector":"RJCGAT6N4/sk89kL6RGemf","action":"Normal GetUpdate request", "result":"", "context":cV=RJCGAT6N4/sk89kL6RGemf
Nudged types: Sessions
Refresh requested types: Bookmarks, Preferences, Passwords, Autofill Profiles, Autofill, Typed URLs, Extensions, Sessions, Extension settings, History Delete Directives, Device Info, User Consents, Send Tab To Self, Web Apps, Collection, Edge E Drop, Edge Hub App Usage, Edge Wallet, Encryption Keys}
{"logTime": "0325/043503", "correlationVector":"RJCGAT6N4/sk89kL6RGemf.1","action":"SyncServerConnectionManagerRequest", "result":"SYNC_SERVER_OK", "context":{"environment":"Prod_SouthCentralUS_000i", "migrationStage":"NotStarted", "server":"GENERAL01000013"}}
{"logTime": "0325/043503", "correlationVector":"RJCGAT6N4/sk89kL6RGemf.2","action":"GetUpdates Response", "result":"SYNCER_OK", "context":Received 1 update(s). cV=RJCGAT6N4/sk89kL6RGemf.0;server=GENERAL01000013;cloudType=Consumer;environment=Prod_SouthCentralUS_000i;migrationStage=NotStarted}
{"logTime": "0325/043503", "correlationVector":"G3XkFpqN09hj+tWR/LyNfp","action":"Commit Request", "result":"", "context":Item count: 3
Contributing types: Sessions}
{"logTime": "0325/043503", "correlationVector":"G3XkFpqN09hj+tWR/LyNfp.1","action":"SyncServerConnectionManagerRequest", "result":"SYNC_SERVER_OK", "context":{"environment":"Prod_SouthCentralUS_000i", "migrationStage":"NotStarted", "server":"GENERAL01000011"}}
{"logTime": "0325/043503", "correlationVector":"G3XkFpqN09hj+tWR/LyNfp.2","action":"Commit Response", "result":"SYNCER_OK", "context":Result: SYNCER_OK. cV=G3XkFpqN09hj+tWR/LyNfp.0;server=GENERAL01000011;cloudType=Consumer;environment=Prod_SouthCentralUS_000i;migrationStage=NotStarted}
{"logTime": "0325/043503", "correlationVector":"G3XkFpqN09hj+tWR/LyNfp.3","action":"Commit.Sessions", "result":"Success", "context":{"id":"ecdb1602-ac3f-434f-a3d4-4639ca0ee615", "isDeleted":"true", "size":"0", "version":"1711341163172"}}
{"logTime": "0325/043519", "correlationVector":"8qqzbLqWlUMhgH95fA2cDo","action":"SyncServerConnectionManagerRequest", "result":"SYNC_SERVER_OK", "context":{"environment":"", "migrationStage":"", "server":""}}
{"logTime": "0325/043519", "correlationVector":"r2iqJ6LYPwZS9732QRYc8v","action":"Normal GetUpdate request", "result":"", "context":cV=r2iqJ6LYPwZS9732QRYc8v
Nudged types: Preferences, Sessions}
{"logTime": "0325/043519", "correlationVector":"r2iqJ6LYPwZS9732QRYc8v.1","action":"SyncServerConnectionManagerRequest", "result":"SYNC_SERVER_OK", "context":{"environment":"Prod_SouthCentralUS_000i", "migrationStage":"NotStarted", "server":"GENERAL01000015"}}
{"logTime": "0325/043519", "correlationVector":"r2iqJ6LYPwZS9732QRYc8v.2","action":"GetUpdates", "result":"DeleteReceived", "context":{"id":"ecdb1602-ac3f-434f-a3d4-4639ca0ee615", "isDeleted:":"true", "version":"1711341289263"}}
{"logTime": "0325/043519", "correlationVector":"r2iqJ6LYPwZS9732QRYc8v.3","action":"GetUpdates Response", "result":"SYNCER_OK", "context":Received 3 update(s). cV=r2iqJ6LYPwZS9732QRYc8v.0;server=GENERAL01000015;cloudType=Consumer;environment=Prod_SouthCentralUS_000i;migrationStage=NotStarted}
{"logTime": "0325/043519", "correlationVector":"aetFfo45DuWbmVpZntlEi9","action":"Commit Request", "result":"", "context":Item count: 2
Contributing types: Preferences, Sessions}
{"logTime": "0325/043520", "correlationVector":"aetFfo45DuWbmVpZntlEi9.1","action":"SyncServerConnectionManagerRequest", "result":"SYNC_SERVER_OK", "context":{"environment":"Prod_SouthCentralUS_000i", "migrationStage":"NotStarted", "server":"GENERAL0100000U"}}
{"logTime": "0325/043520", "correlationVector":"aetFfo45DuWbmVpZntlEi9.2","action":"Commit Response", "result":"SYNCER_OK", "context":Result: SYNCER_OK. cV=aetFfo45DuWbmVpZntlEi9.0;server=GENERAL0100000U;cloudType=Consumer;environment=Prod_SouthCentralUS_000i;migrationStage=NotStarted}
{"logTime": "0325/043520", "correlationVector":"2ApgXKqv+9461xxreCGK2F","action":"Normal GetUpdate request", "result":"", "context":cV=2ApgXKqv+9461xxreCGK2F
Nudged types: Preferences, Sessions
Refresh requested types: Bookmarks, Preferences, Passwords, Autofill Profiles, Autofill, Typed URLs, Extensions, Sessions, Extension settings, History Delete Directives, Device Info, User Consents, Send Tab To Self, Web Apps, Collection, Edge E Drop, Edge Hub App Usage, Edge Wallet, Encryption Keys}
{"logTime": "0325/043520", "correlationVector":"2ApgXKqv+9461xxreCGK2F.1","action":"SyncServerConnectionManagerRequest", "result":"SYNC_SERVER_OK", "context":{"environment":"Prod_SouthCentralUS_000i", "migrationStage":"NotStarted", "server":"general0100000L"}}
{"logTime": "0325/043520", "correlationVector":"2ApgXKqv+9461xxreCGK2F.2","action":"GetUpdates Response", "result":"SYNCER_OK", "context":Received 2 update(s). cV=2ApgXKqv+9461xxreCGK2F.0;server=general0100000L;cloudType=Consumer;environment=Prod_SouthCentralUS_000i;migrationStage=NotStarted}
{"logTime": "0325/043552", "correlationVector":"R0ajf830bjeGOSA5qoQ+Tr","action":"Commit Request", "result":"", "context":Item count: 1
Contributing types: Sessions}
{"logTime": "0325/043552", "correlationVector":"R0ajf830bjeGOSA5qoQ+Tr.1","action":"SyncServerConnectionManagerRequest", "result":"SYNC_SERVER_OK", "context":{"environment":"Prod_SouthCentralUS_000i", "migrationStage":"NotStarted", "server":"GENERAL0100000H"}}
{"logTime": "0325/043552", "correlationVector":"R0ajf830bjeGOSA5qoQ+Tr.2","action":"Commit Response", "result":"SYNCER_OK", "context":Result: SYNCER_OK. cV=R0ajf830bjeGOSA5qoQ+Tr.0;server=GENERAL0100000H;cloudType=Consumer;environment=Prod_SouthCentralUS_000i;migrationStage=NotStarted}
{"logTime": "0325/043756", "correlationVector":"wEsge+/hsO7jAv3EqQ1aeK","action":"Commit Request", "result":"", "context":Item count: 1
Contributing types: Sessions}
{"logTime": "0325/043756", "correlationVector":"wEsge+/hsO7jAv3EqQ1aeK.1","action":"SyncServerConnectionManagerRequest", "result":"SYNC_SERVER_OK", "context":{"environment":"Prod_SouthCentralUS_000i", "migrationStage":"NotStarted", "server":"GENERAL0100000H"}}
{"logTime": "0325/043756", "correlationVector":"wEsge+/hsO7jAv3EqQ1aeK.2","action":"Commit Response", "result":"SYNCER_OK", "context":Result: SYNCER_OK. cV=wEsge+/hsO7jAv3EqQ1aeK.0;server=GENERAL0100000H;cloudType=Consumer;environment=Prod_SouthCentralUS_000i;migrationStage=NotStarted}
{"logTime": "0325/043948", "correlationVector":"f59v8pf1HnspFjGlEcfHnc","action":"Normal GetUpdate request", "result":"", "context":cV=f59v8pf1HnspFjGlEcfHnc
Refresh requested types: Bookmarks, Preferences, Passwords, Autofill Profiles, Autofill, Typed URLs, Extensions, Sessions, Extension settings, History Delete Directives, Device Info, User Consents, Send Tab To Self, Web Apps, Collection, Edge E Drop, Edge Hub App Usage, Edge Wallet, Encryption Keys}
{"logTime": "0325/043948", "correlationVector":"f59v8pf1HnspFjGlEcfHnc.1","action":"SyncServerConnectionManagerRequest", "result":"SYNC_SERVER_OK", "context":{"environment":"Prod_SouthCentralUS_000i", "migrationStage":"NotStarted", "server":"GENERAL0100000I"}}
{"logTime": "0325/043948", "correlationVector":"f59v8pf1HnspFjGlEcfHnc.2","action":"GetUpdates Response", "result":"SYNCER_OK", "context":Received 1 update(s). cV=f59v8pf1HnspFjGlEcfHnc.0;server=GENERAL0100000I;cloudType=Consumer;environment=Prod_SouthCentralUS_000i;migrationStage=NotStarted}
{"logTime": "0325/044528", "correlationVector":"IGwTf9pen74GBoEwvopbo3","action":"Commit Request", "result":"", "context":Item count: 1
Contributing types: Sessions}
{"logTime": "0325/044528", "correlationVector":"IGwTf9pen74GBoEwvopbo3.1","action":"SyncServerConnectionManagerRequest", "result":"SYNC_SERVER_OK", "context":{"environment":"Prod_SouthCentralUS_000i", "migrationStage":"NotStarted", "server":"GENERAL0100001G"}}
{"logTime": "0325/044528", "correlationVector":"IGwTf9pen74GBoEwvopbo3.2","action":"Commit Response", "result":"SYNCER_OK", "context":Result: SYNCER_OK. cV=IGwTf9pen74GBoEwvopbo3.0;server=GENERAL0100001G;cloudType=Consumer;environment=Prod_SouthCentralUS_000i;migrationStage=NotStarted}
